{
  "/Users/elhadjidiarra/P5-Full-Stack-testing/front/src/polyfills.ts": {
    "path": "/Users/elhadjidiarra/P5-Full-Stack-testing/front/src/polyfills.ts",
    "statementMap": {},
    "fnMap": {},
    "branchMap": {},
    "s": {},
    "f": {},
    "b": {},
    "inputSourceMap": {
      "version": 3,
      "file": "polyfills.js",
      "sourceRoot": "",
      "sources": [
        "/Users/elhadjidiarra/P5-Full-Stack-testing/front/src/polyfills.ts"
      ],
      "names": [],
      "mappings": "AAAA;;;;;;;;;;;;;;GAcG;AAEH;;GAEG;AAEH;;;;;;;;;;;;;;;;;;;;;;GAsBG;AAEH;;GAEG;AACH,OAAO,SAAS,CAAC,CAAE,6BAA6B;AAGhD;;GAEG",
      "sourcesContent": [
        "/**\n * This file includes polyfills needed by Angular and is loaded before the app.\n * You can add your own extra polyfills to this file.\n *\n * This file is divided into 2 sections:\n *   1. Browser polyfills. These are applied before loading ZoneJS and are sorted by browsers.\n *   2. Application imports. Files imported after ZoneJS that should be loaded before your main\n *      file.\n *\n * The current setup is for so-called \"evergreen\" browsers; the last versions of browsers that\n * automatically update themselves. This includes recent versions of Safari, Chrome (including\n * Opera), Edge on the desktop, and iOS and Chrome on mobile.\n *\n * Learn more in https://angular.io/guide/browser-support\n */\n\n/***************************************************************************************************\n * BROWSER POLYFILLS\n */\n\n/**\n * By default, zone.js will patch all possible macroTask and DomEvents\n * user can disable parts of macroTask/DomEvents patch by setting following flags\n * because those flags need to be set before `zone.js` being loaded, and webpack\n * will put import in the top of bundle, so user need to create a separate file\n * in this directory (for example: zone-flags.ts), and put the following flags\n * into that file, and then add the following code before importing zone.js.\n * import './zone-flags';\n *\n * The flags allowed in zone-flags.ts are listed here.\n *\n * The following flags will work for all browsers.\n *\n * (window as any).__Zone_disable_requestAnimationFrame = true; // disable patch requestAnimationFrame\n * (window as any).__Zone_disable_on_property = true; // disable patch onProperty such as onclick\n * (window as any).__zone_symbol__UNPATCHED_EVENTS = ['scroll', 'mousemove']; // disable patch specified eventNames\n *\n *  in IE/Edge developer tools, the addEventListener will also be wrapped by zone.js\n *  with the following flag, it will bypass `zone.js` patch for IE/Edge\n *\n *  (window as any).__Zone_enable_cross_context_check = true;\n *\n */\n\n/***************************************************************************************************\n * Zone JS is required by default for Angular itself.\n */\nimport 'zone.js';  // Included with Angular CLI.\n\n\n/***************************************************************************************************\n * APPLICATION IMPORTS\n */\n"
      ]
    },
    "_coverageSchema": "1a1c01bbd47fc00a2c39e90264f33305004495a9",
    "hash": "c60983c02622236ac8f759d7677e9d2c04c71c5e"
  },
  "/Users/elhadjidiarra/P5-Full-Stack-testing/front/src/app/services/session.service.ts": {
    "path": "/Users/elhadjidiarra/P5-Full-Stack-testing/front/src/app/services/session.service.ts",
    "statementMap": {
      "0": {
        "start": {
          "line": 4,
          "column": 21
        },
        "end": {
          "line": 25,
          "column": 1
        }
      },
      "1": {
        "start": {
          "line": 6,
          "column": 8
        },
        "end": {
          "line": 6,
          "column": 30
        }
      },
      "2": {
        "start": {
          "line": 7,
          "column": 8
        },
        "end": {
          "line": 7,
          "column": 66
        }
      },
      "3": {
        "start": {
          "line": 10,
          "column": 8
        },
        "end": {
          "line": 10,
          "column": 51
        }
      },
      "4": {
        "start": {
          "line": 13,
          "column": 8
        },
        "end": {
          "line": 13,
          "column": 39
        }
      },
      "5": {
        "start": {
          "line": 14,
          "column": 8
        },
        "end": {
          "line": 14,
          "column": 29
        }
      },
      "6": {
        "start": {
          "line": 15,
          "column": 8
        },
        "end": {
          "line": 15,
          "column": 20
        }
      },
      "7": {
        "start": {
          "line": 18,
          "column": 8
        },
        "end": {
          "line": 18,
          "column": 44
        }
      },
      "8": {
        "start": {
          "line": 19,
          "column": 8
        },
        "end": {
          "line": 19,
          "column": 30
        }
      },
      "9": {
        "start": {
          "line": 20,
          "column": 8
        },
        "end": {
          "line": 20,
          "column": 20
        }
      },
      "10": {
        "start": {
          "line": 23,
          "column": 8
        },
        "end": {
          "line": 23,
          "column": 49
        }
      },
      "11": {
        "start": {
          "line": 26,
          "column": 0
        },
        "end": {
          "line": 30,
          "column": 19
        }
      }
    },
    "fnMap": {
      "0": {
        "name": "(anonymous_0)",
        "decl": {
          "start": {
            "line": 5,
            "column": 4
          },
          "end": {
            "line": 5,
            "column": 5
          }
        },
        "loc": {
          "start": {
            "line": 5,
            "column": 18
          },
          "end": {
            "line": 8,
            "column": 5
          }
        },
        "line": 5
      },
      "1": {
        "name": "(anonymous_1)",
        "decl": {
          "start": {
            "line": 9,
            "column": 4
          },
          "end": {
            "line": 9,
            "column": 5
          }
        },
        "loc": {
          "start": {
            "line": 9,
            "column": 16
          },
          "end": {
            "line": 11,
            "column": 5
          }
        },
        "line": 9
      },
      "2": {
        "name": "(anonymous_2)",
        "decl": {
          "start": {
            "line": 12,
            "column": 4
          },
          "end": {
            "line": 12,
            "column": 5
          }
        },
        "loc": {
          "start": {
            "line": 12,
            "column": 16
          },
          "end": {
            "line": 16,
            "column": 5
          }
        },
        "line": 12
      },
      "3": {
        "name": "(anonymous_3)",
        "decl": {
          "start": {
            "line": 17,
            "column": 4
          },
          "end": {
            "line": 17,
            "column": 5
          }
        },
        "loc": {
          "start": {
            "line": 17,
            "column": 13
          },
          "end": {
            "line": 21,
            "column": 5
          }
        },
        "line": 17
      },
      "4": {
        "name": "(anonymous_4)",
        "decl": {
          "start": {
            "line": 22,
            "column": 4
          },
          "end": {
            "line": 22,
            "column": 5
          }
        },
        "loc": {
          "start": {
            "line": 22,
            "column": 11
          },
          "end": {
            "line": 24,
            "column": 5
          }
        },
        "line": 22
      }
    },
    "branchMap": {},
    "s": {
      "0": 25,
      "1": 25,
      "2": 25,
      "3": 3744,
      "4": 19,
      "5": 19,
      "6": 19,
      "7": 2,
      "8": 2,
      "9": 2,
      "10": 21,
      "11": 25
    },
    "f": {
      "0": 25,
      "1": 3744,
      "2": 19,
      "3": 2,
      "4": 21
    },
    "b": {},
    "inputSourceMap": {
      "version": 3,
      "file": "session.service.js",
      "sourceRoot": "",
      "sources": [
        "/Users/elhadjidiarra/P5-Full-Stack-testing/front/src/app/services/session.service.ts"
      ],
      "names": [],
      "mappings": ";AAAA,OAAO,EAAE,UAAU,EAAE,MAAM,eAAe,CAAC;AAC3C,OAAO,EAAE,eAAe,EAAc,MAAM,MAAM,CAAC;IAMtC,cAAc,SAAd,cAAc;;QAElB,aAAQ,GAAG,KAAK,CAAC;QAGhB,oBAAe,GAAG,IAAI,eAAe,CAAU,IAAI,CAAC,QAAQ,CAAC,CAAC;IAqBxE,CAAC;IAnBQ,SAAS;QACd,OAAO,IAAI,CAAC,eAAe,CAAC,YAAY,EAAE,CAAC;IAC7C,CAAC;IAEM,KAAK,CAAC,IAAwB;QACnC,IAAI,CAAC,kBAAkB,GAAG,IAAI,CAAC;QAC/B,IAAI,CAAC,QAAQ,GAAG,IAAI,CAAC;QACrB,IAAI,CAAC,IAAI,EAAE,CAAC;IACd,CAAC;IAEM,MAAM;QACX,IAAI,CAAC,kBAAkB,GAAG,SAAS,CAAC;QACpC,IAAI,CAAC,QAAQ,GAAG,KAAK,CAAC;QACtB,IAAI,CAAC,IAAI,EAAE,CAAC;IACd,CAAC;IAEO,IAAI;QACV,IAAI,CAAC,eAAe,CAAC,IAAI,CAAC,IAAI,CAAC,QAAQ,CAAC,CAAC;IAC3C,CAAC;CACF,CAAA;AA1BY,cAAc;IAH1B,UAAU,CAAC;QACV,UAAU,EAAE,MAAM;KACnB,CAAC;GACW,cAAc,CA0B1B;SA1BY,cAAc",
      "sourcesContent": [
        "import { Injectable } from '@angular/core';\nimport { BehaviorSubject, Observable } from 'rxjs';\nimport { SessionInformation } from '../interfaces/sessionInformation.interface';\n\n@Injectable({\n  providedIn: 'root'\n})\nexport class SessionService {\n\n  public isLogged = false;\n  public sessionInformation: SessionInformation | undefined;\n\n  private isLoggedSubject = new BehaviorSubject<boolean>(this.isLogged);\n\n  public $isLogged(): Observable<boolean> {\n    return this.isLoggedSubject.asObservable();\n  }\n\n  public logIn(user: SessionInformation): void {\n    this.sessionInformation = user;\n    this.isLogged = true;\n    this.next();\n  }\n\n  public logOut(): void {\n    this.sessionInformation = undefined;\n    this.isLogged = false;\n    this.next();\n  }\n\n  private next(): void {\n    this.isLoggedSubject.next(this.isLogged);\n  }\n}\n"
      ]
    },
    "_coverageSchema": "1a1c01bbd47fc00a2c39e90264f33305004495a9",
    "hash": "58276f08be3d7abf48c05d8d2c122d08be3650ac"
  },
  "/Users/elhadjidiarra/P5-Full-Stack-testing/front/src/app/services/user.service.ts": {
    "path": "/Users/elhadjidiarra/P5-Full-Stack-testing/front/src/app/services/user.service.ts",
    "statementMap": {
      "0": {
        "start": {
          "line": 4,
          "column": 18
        },
        "end": {
          "line": 15,
          "column": 1
        }
      },
      "1": {
        "start": {
          "line": 6,
          "column": 8
        },
        "end": {
          "line": 6,
          "column": 37
        }
      },
      "2": {
        "start": {
          "line": 7,
          "column": 8
        },
        "end": {
          "line": 7,
          "column": 38
        }
      },
      "3": {
        "start": {
          "line": 10,
          "column": 8
        },
        "end": {
          "line": 10,
          "column": 64
        }
      },
      "4": {
        "start": {
          "line": 13,
          "column": 8
        },
        "end": {
          "line": 13,
          "column": 67
        }
      },
      "5": {
        "start": {
          "line": 16,
          "column": 0
        },
        "end": {
          "line": 18,
          "column": 2
        }
      },
      "6": {
        "start": {
          "line": 16,
          "column": 35
        },
        "end": {
          "line": 18,
          "column": 1
        }
      },
      "7": {
        "start": {
          "line": 19,
          "column": 0
        },
        "end": {
          "line": 23,
          "column": 16
        }
      }
    },
    "fnMap": {
      "0": {
        "name": "(anonymous_0)",
        "decl": {
          "start": {
            "line": 5,
            "column": 4
          },
          "end": {
            "line": 5,
            "column": 5
          }
        },
        "loc": {
          "start": {
            "line": 5,
            "column": 28
          },
          "end": {
            "line": 8,
            "column": 5
          }
        },
        "line": 5
      },
      "1": {
        "name": "(anonymous_1)",
        "decl": {
          "start": {
            "line": 9,
            "column": 4
          },
          "end": {
            "line": 9,
            "column": 5
          }
        },
        "loc": {
          "start": {
            "line": 9,
            "column": 16
          },
          "end": {
            "line": 11,
            "column": 5
          }
        },
        "line": 9
      },
      "2": {
        "name": "(anonymous_2)",
        "decl": {
          "start": {
            "line": 12,
            "column": 4
          },
          "end": {
            "line": 12,
            "column": 5
          }
        },
        "loc": {
          "start": {
            "line": 12,
            "column": 15
          },
          "end": {
            "line": 14,
            "column": 5
          }
        },
        "line": 12
      },
      "3": {
        "name": "(anonymous_3)",
        "decl": {
          "start": {
            "line": 16,
            "column": 29
          },
          "end": {
            "line": 16,
            "column": 30
          }
        },
        "loc": {
          "start": {
            "line": 16,
            "column": 35
          },
          "end": {
            "line": 18,
            "column": 1
          }
        },
        "line": 16
      }
    },
    "branchMap": {},
    "s": {
      "0": 25,
      "1": 5,
      "2": 5,
      "3": 5,
      "4": 2,
      "5": 25,
      "6": 5,
      "7": 25
    },
    "f": {
      "0": 5,
      "1": 5,
      "2": 2,
      "3": 5
    },
    "b": {},
    "inputSourceMap": {
      "version": 3,
      "file": "user.service.js",
      "sourceRoot": "",
      "sources": [
        "/Users/elhadjidiarra/P5-Full-Stack-testing/front/src/app/services/user.service.ts"
      ],
      "names": [],
      "mappings": ";AAAA,OAAO,EAAE,UAAU,EAAE,MAAM,sBAAsB,CAAC;AAClD,OAAO,EAAE,UAAU,EAAE,MAAM,eAAe,CAAC;IAO9B,WAAW,SAAX,WAAW;IAItB,YAAoB,UAAsB;QAAtB,eAAU,GAAV,UAAU,CAAY;QAFlC,gBAAW,GAAG,UAAU,CAAC;IAEa,CAAC;IAExC,OAAO,CAAC,EAAU;QACvB,OAAO,IAAI,CAAC,UAAU,CAAC,GAAG,CAAO,GAAG,IAAI,CAAC,WAAW,IAAI,EAAE,EAAE,CAAC,CAAC;IAChE,CAAC;IAEM,MAAM,CAAC,EAAU;QACtB,OAAO,IAAI,CAAC,UAAU,CAAC,MAAM,CAAC,GAAG,IAAI,CAAC,WAAW,IAAI,EAAE,EAAE,CAAC,CAAC;IAC7D,CAAC;CACF,CAAA;;YArBQ,UAAU;;AAQN,WAAW;IAHvB,UAAU,CAAC;QACV,UAAU,EAAE,MAAM;KACnB,CAAC;GACW,WAAW,CAavB;SAbY,WAAW",
      "sourcesContent": [
        "import { HttpClient } from '@angular/common/http';\nimport { Injectable } from '@angular/core';\nimport { Observable } from 'rxjs';\nimport { User } from '../interfaces/user.interface';\n\n@Injectable({\n  providedIn: 'root'\n})\nexport class UserService {\n\n  private pathService = 'api/user';\n\n  constructor(private httpClient: HttpClient) { }\n\n  public getById(id: string): Observable<User> {\n    return this.httpClient.get<User>(`${this.pathService}/${id}`);\n  }\n\n  public delete(id: string): Observable<any> {\n    return this.httpClient.delete(`${this.pathService}/${id}`);\n  }\n}\n"
      ]
    },
    "_coverageSchema": "1a1c01bbd47fc00a2c39e90264f33305004495a9",
    "hash": "0cc44aec70d700e2cbb3baf52027cb6369db884d"
  },
  "/Users/elhadjidiarra/P5-Full-Stack-testing/front/src/app/components/me/me.component.ts": {
    "path": "/Users/elhadjidiarra/P5-Full-Stack-testing/front/src/app/components/me/me.component.ts",
    "statementMap": {
      "0": {
        "start": {
          "line": 9,
          "column": 18
        },
        "end": {
          "line": 33,
          "column": 1
        }
      },
      "1": {
        "start": {
          "line": 11,
          "column": 8
        },
        "end": {
          "line": 11,
          "column": 29
        }
      },
      "2": {
        "start": {
          "line": 12,
          "column": 8
        },
        "end": {
          "line": 12,
          "column": 45
        }
      },
      "3": {
        "start": {
          "line": 13,
          "column": 8
        },
        "end": {
          "line": 13,
          "column": 39
        }
      },
      "4": {
        "start": {
          "line": 14,
          "column": 8
        },
        "end": {
          "line": 14,
          "column": 39
        }
      },
      "5": {
        "start": {
          "line": 17,
          "column": 8
        },
        "end": {
          "line": 19,
          "column": 51
        }
      },
      "6": {
        "start": {
          "line": 19,
          "column": 33
        },
        "end": {
          "line": 19,
          "column": 49
        }
      },
      "7": {
        "start": {
          "line": 22,
          "column": 8
        },
        "end": {
          "line": 22,
          "column": 30
        }
      },
      "8": {
        "start": {
          "line": 25,
          "column": 8
        },
        "end": {
          "line": 31,
          "column": 11
        }
      },
      "9": {
        "start": {
          "line": 28,
          "column": 12
        },
        "end": {
          "line": 28,
          "column": 98
        }
      },
      "10": {
        "start": {
          "line": 29,
          "column": 12
        },
        "end": {
          "line": 29,
          "column": 41
        }
      },
      "11": {
        "start": {
          "line": 30,
          "column": 12
        },
        "end": {
          "line": 30,
          "column": 40
        }
      },
      "12": {
        "start": {
          "line": 34,
          "column": 0
        },
        "end": {
          "line": 39,
          "column": 2
        }
      },
      "13": {
        "start": {
          "line": 34,
          "column": 35
        },
        "end": {
          "line": 39,
          "column": 1
        }
      },
      "14": {
        "start": {
          "line": 40,
          "column": 0
        },
        "end": {
          "line": 46,
          "column": 16
        }
      }
    },
    "fnMap": {
      "0": {
        "name": "(anonymous_0)",
        "decl": {
          "start": {
            "line": 10,
            "column": 4
          },
          "end": {
            "line": 10,
            "column": 5
          }
        },
        "loc": {
          "start": {
            "line": 10,
            "column": 66
          },
          "end": {
            "line": 15,
            "column": 5
          }
        },
        "line": 10
      },
      "1": {
        "name": "(anonymous_1)",
        "decl": {
          "start": {
            "line": 16,
            "column": 4
          },
          "end": {
            "line": 16,
            "column": 5
          }
        },
        "loc": {
          "start": {
            "line": 16,
            "column": 15
          },
          "end": {
            "line": 20,
            "column": 5
          }
        },
        "line": 16
      },
      "2": {
        "name": "(anonymous_2)",
        "decl": {
          "start": {
            "line": 19,
            "column": 23
          },
          "end": {
            "line": 19,
            "column": 24
          }
        },
        "loc": {
          "start": {
            "line": 19,
            "column": 33
          },
          "end": {
            "line": 19,
            "column": 49
          }
        },
        "line": 19
      },
      "3": {
        "name": "(anonymous_3)",
        "decl": {
          "start": {
            "line": 21,
            "column": 4
          },
          "end": {
            "line": 21,
            "column": 5
          }
        },
        "loc": {
          "start": {
            "line": 21,
            "column": 11
          },
          "end": {
            "line": 23,
            "column": 5
          }
        },
        "line": 21
      },
      "4": {
        "name": "(anonymous_4)",
        "decl": {
          "start": {
            "line": 24,
            "column": 4
          },
          "end": {
            "line": 24,
            "column": 5
          }
        },
        "loc": {
          "start": {
            "line": 24,
            "column": 13
          },
          "end": {
            "line": 32,
            "column": 5
          }
        },
        "line": 24
      },
      "5": {
        "name": "(anonymous_5)",
        "decl": {
          "start": {
            "line": 27,
            "column": 23
          },
          "end": {
            "line": 27,
            "column": 24
          }
        },
        "loc": {
          "start": {
            "line": 27,
            "column": 30
          },
          "end": {
            "line": 31,
            "column": 9
          }
        },
        "line": 27
      },
      "6": {
        "name": "(anonymous_6)",
        "decl": {
          "start": {
            "line": 34,
            "column": 29
          },
          "end": {
            "line": 34,
            "column": 30
          }
        },
        "loc": {
          "start": {
            "line": 34,
            "column": 35
          },
          "end": {
            "line": 39,
            "column": 1
          }
        },
        "line": 34
      }
    },
    "branchMap": {},
    "s": {
      "0": 25,
      "1": 5,
      "2": 5,
      "3": 5,
      "4": 5,
      "5": 5,
      "6": 5,
      "7": 1,
      "8": 2,
      "9": 2,
      "10": 2,
      "11": 2,
      "12": 25,
      "13": 5,
      "14": 25
    },
    "f": {
      "0": 5,
      "1": 5,
      "2": 5,
      "3": 1,
      "4": 2,
      "5": 2,
      "6": 5
    },
    "b": {},
    "inputSourceMap": {
      "version": 3,
      "file": "me.component.js",
      "sourceRoot": "",
      "sources": [
        "/Users/elhadjidiarra/P5-Full-Stack-testing/front/src/app/components/me/me.component.ts"
      ],
      "names": [],
      "mappings": ";;;AAAA,OAAO,EAAE,SAAS,EAAU,MAAM,eAAe,CAAC;AAClD,OAAO,EAAE,WAAW,EAAE,MAAM,6BAA6B,CAAC;AAC1D,OAAO,EAAE,MAAM,EAAE,MAAM,iBAAiB,CAAC;AAEzC,OAAO,EAAE,cAAc,EAAE,MAAM,gCAAgC,CAAC;AAChE,OAAO,EAAE,WAAW,EAAE,MAAM,6BAA6B,CAAC;IAO7C,WAAW,SAAX,WAAW;IAItB,YAAoB,MAAc,EACd,cAA8B,EAC9B,WAAwB,EACxB,WAAwB;QAHxB,WAAM,GAAN,MAAM,CAAQ;QACd,mBAAc,GAAd,cAAc,CAAgB;QAC9B,gBAAW,GAAX,WAAW,CAAa;QACxB,gBAAW,GAAX,WAAW,CAAa;IAC5C,CAAC;IAEM,QAAQ;QACb,IAAI,CAAC,WAAW;aACb,OAAO,CAAC,IAAI,CAAC,cAAc,CAAC,kBAAmB,CAAC,EAAE,CAAC,QAAQ,EAAE,CAAC;aAC9D,SAAS,CAAC,CAAC,IAAU,EAAE,EAAE,CAAC,IAAI,CAAC,IAAI,GAAG,IAAI,CAAC,CAAC;IACjD,CAAC;IAEM,IAAI;QACT,MAAM,CAAC,OAAO,CAAC,IAAI,EAAE,CAAC;IACxB,CAAC;IAEM,MAAM;QACX,IAAI,CAAC,WAAW;aACb,MAAM,CAAC,IAAI,CAAC,cAAc,CAAC,kBAAmB,CAAC,EAAE,CAAC,QAAQ,EAAE,CAAC;aAC7D,SAAS,CAAC,CAAC,CAAC,EAAE,EAAE;YACf,IAAI,CAAC,WAAW,CAAC,IAAI,CAAC,iCAAiC,EAAE,OAAO,EAAE,EAAE,QAAQ,EAAE,IAAI,EAAE,CAAC,CAAC;YACtF,IAAI,CAAC,cAAc,CAAC,MAAM,EAAE,CAAC;YAC7B,IAAI,CAAC,MAAM,CAAC,QAAQ,CAAC,CAAC,GAAG,CAAC,CAAC,CAAC;QAC9B,CAAC,CAAC,CAAA;IACN,CAAC;CAEF,CAAA;;YAxCQ,MAAM;YAEN,cAAc;YAHd,WAAW;YAIX,WAAW;;AAOP,WAAW;IALvB,SAAS,CAAC;QACT,QAAQ,EAAE,QAAQ;QAClB,8BAAkC;;KAEnC,CAAC;GACW,WAAW,CA8BvB;SA9BY,WAAW",
      "sourcesContent": [
        "import { Component, OnInit } from '@angular/core';\nimport { MatSnackBar } from '@angular/material/snack-bar';\nimport { Router } from '@angular/router';\nimport { User } from '../../interfaces/user.interface';\nimport { SessionService } from '../../services/session.service';\nimport { UserService } from '../../services/user.service';\n\n@Component({\n  selector: 'app-me',\n  templateUrl: './me.component.html',\n  styleUrls: ['./me.component.scss']\n})\nexport class MeComponent implements OnInit {\n\n  public user: User | undefined;\n\n  constructor(private router: Router,\n              private sessionService: SessionService,\n              private matSnackBar: MatSnackBar,\n              private userService: UserService) {\n  }\n\n  public ngOnInit(): void {\n    this.userService\n      .getById(this.sessionService.sessionInformation!.id.toString())\n      .subscribe((user: User) => this.user = user);\n  }\n\n  public back(): void {\n    window.history.back();\n  }\n\n  public delete(): void {\n    this.userService\n      .delete(this.sessionService.sessionInformation!.id.toString())\n      .subscribe((_) => {\n        this.matSnackBar.open(\"Your account has been deleted !\", 'Close', { duration: 3000 });\n        this.sessionService.logOut();\n        this.router.navigate(['/']);\n      })\n  }\n\n}\n"
      ]
    },
    "_coverageSchema": "1a1c01bbd47fc00a2c39e90264f33305004495a9",
    "hash": "6e53059b2ba64873847115accd43b146cf813361"
  },
  "/Users/elhadjidiarra/P5-Full-Stack-testing/front/src/app/components/not-found/not-found.component.ts": {
    "path": "/Users/elhadjidiarra/P5-Full-Stack-testing/front/src/app/components/not-found/not-found.component.ts",
    "statementMap": {
      "0": {
        "start": {
          "line": 5,
          "column": 24
        },
        "end": {
          "line": 6,
          "column": 1
        }
      },
      "1": {
        "start": {
          "line": 7,
          "column": 0
        },
        "end": {
          "line": 13,
          "column": 22
        }
      }
    },
    "fnMap": {},
    "branchMap": {},
    "s": {
      "0": 25,
      "1": 25
    },
    "f": {},
    "b": {},
    "inputSourceMap": {
      "version": 3,
      "file": "not-found.component.js",
      "sourceRoot": "",
      "sources": [
        "/Users/elhadjidiarra/P5-Full-Stack-testing/front/src/app/components/not-found/not-found.component.ts"
      ],
      "names": [],
      "mappings": ";;;AAAA,OAAO,EAAE,SAAS,EAAE,MAAM,eAAe,CAAC;IAO7B,iBAAiB,SAAjB,iBAAiB;CAC7B,CAAA;AADY,iBAAiB;IAL7B,SAAS,CAAC;QACT,QAAQ,EAAE,eAAe;QACzB,8BAAyC;;KAE1C,CAAC;GACW,iBAAiB,CAC7B;SADY,iBAAiB",
      "sourcesContent": [
        "import { Component } from '@angular/core';\n\n@Component({\n  selector: 'app-not-found',\n  templateUrl: './not-found.component.html',\n  styleUrls: ['./not-found.component.scss']\n})\nexport class NotFoundComponent {\n}\n"
      ]
    },
    "_coverageSchema": "1a1c01bbd47fc00a2c39e90264f33305004495a9",
    "hash": "f4d3368880457cb74d8cd0e7a14976f6ac199d11"
  },
  "/Users/elhadjidiarra/P5-Full-Stack-testing/front/src/app/guards/auth.guard.ts": {
    "path": "/Users/elhadjidiarra/P5-Full-Stack-testing/front/src/app/guards/auth.guard.ts",
    "statementMap": {
      "0": {
        "start": {
          "line": 5,
          "column": 16
        },
        "end": {
          "line": 17,
          "column": 1
        }
      },
      "1": {
        "start": {
          "line": 7,
          "column": 8
        },
        "end": {
          "line": 7,
          "column": 29
        }
      },
      "2": {
        "start": {
          "line": 8,
          "column": 8
        },
        "end": {
          "line": 8,
          "column": 45
        }
      },
      "3": {
        "start": {
          "line": 11,
          "column": 8
        },
        "end": {
          "line": 14,
          "column": 9
        }
      },
      "4": {
        "start": {
          "line": 12,
          "column": 12
        },
        "end": {
          "line": 12,
          "column": 44
        }
      },
      "5": {
        "start": {
          "line": 13,
          "column": 12
        },
        "end": {
          "line": 13,
          "column": 25
        }
      },
      "6": {
        "start": {
          "line": 15,
          "column": 8
        },
        "end": {
          "line": 15,
          "column": 20
        }
      },
      "7": {
        "start": {
          "line": 18,
          "column": 0
        },
        "end": {
          "line": 21,
          "column": 2
        }
      },
      "8": {
        "start": {
          "line": 18,
          "column": 33
        },
        "end": {
          "line": 21,
          "column": 1
        }
      },
      "9": {
        "start": {
          "line": 22,
          "column": 0
        },
        "end": {
          "line": 24,
          "column": 14
        }
      }
    },
    "fnMap": {
      "0": {
        "name": "(anonymous_0)",
        "decl": {
          "start": {
            "line": 6,
            "column": 4
          },
          "end": {
            "line": 6,
            "column": 5
          }
        },
        "loc": {
          "start": {
            "line": 6,
            "column": 40
          },
          "end": {
            "line": 9,
            "column": 5
          }
        },
        "line": 6
      },
      "1": {
        "name": "(anonymous_1)",
        "decl": {
          "start": {
            "line": 10,
            "column": 4
          },
          "end": {
            "line": 10,
            "column": 5
          }
        },
        "loc": {
          "start": {
            "line": 10,
            "column": 18
          },
          "end": {
            "line": 16,
            "column": 5
          }
        },
        "line": 10
      },
      "2": {
        "name": "(anonymous_2)",
        "decl": {
          "start": {
            "line": 18,
            "column": 27
          },
          "end": {
            "line": 18,
            "column": 28
          }
        },
        "loc": {
          "start": {
            "line": 18,
            "column": 33
          },
          "end": {
            "line": 21,
            "column": 1
          }
        },
        "line": 18
      }
    },
    "branchMap": {
      "0": {
        "loc": {
          "start": {
            "line": 11,
            "column": 8
          },
          "end": {
            "line": 14,
            "column": 9
          }
        },
        "type": "if",
        "locations": [
          {
            "start": {
              "line": 11,
              "column": 8
            },
            "end": {
              "line": 14,
              "column": 9
            }
          },
          {
            "start": {
              "line": 11,
              "column": 8
            },
            "end": {
              "line": 14,
              "column": 9
            }
          }
        ],
        "line": 11
      }
    },
    "s": {
      "0": 25,
      "1": 20,
      "2": 20,
      "3": 26,
      "4": 1,
      "5": 1,
      "6": 25,
      "7": 25,
      "8": 20,
      "9": 25
    },
    "f": {
      "0": 20,
      "1": 26,
      "2": 20
    },
    "b": {
      "0": [
        1,
        25
      ]
    },
    "inputSourceMap": {
      "version": 3,
      "file": "auth.guard.js",
      "sourceRoot": "",
      "sources": [
        "/Users/elhadjidiarra/P5-Full-Stack-testing/front/src/app/guards/auth.guard.ts"
      ],
      "names": [],
      "mappings": ";AAAA,OAAO,EAAC,UAAU,EAAC,MAAM,eAAe,CAAC;AACzC,OAAO,EAAc,MAAM,EAAC,MAAM,iBAAiB,CAAC;AACpD,OAAO,EAAE,cAAc,EAAE,MAAM,6BAA6B,CAAC;IAGhD,SAAS,SAAT,SAAS;IAEpB,YACU,MAAc,EACd,cAA8B;QAD9B,WAAM,GAAN,MAAM,CAAQ;QACd,mBAAc,GAAd,cAAc,CAAgB;IAExC,CAAC;IAEM,WAAW;QAChB,IAAI,CAAC,IAAI,CAAC,cAAc,CAAC,QAAQ,EAAE;YACjC,IAAI,CAAC,MAAM,CAAC,QAAQ,CAAC,CAAC,OAAO,CAAC,CAAC,CAAC;YAChC,OAAO,KAAK,CAAC;SACd;QACD,OAAO,IAAI,CAAC;IACd,CAAC;CACF,CAAA;;YAnBoB,MAAM;YAClB,cAAc;;AAGV,SAAS;IADrB,UAAU,CAAC,EAAC,UAAU,EAAE,MAAM,EAAC,CAAC;GACpB,SAAS,CAerB;SAfY,SAAS",
      "sourcesContent": [
        "import {Injectable} from \"@angular/core\";\nimport {CanActivate, Router} from \"@angular/router\"; \nimport { SessionService } from \"../services/session.service\";\n\n@Injectable({providedIn: 'root'})\nexport class AuthGuard implements CanActivate {\n\n  constructor( \n    private router: Router,\n    private sessionService: SessionService,\n  ) {\n  }\n\n  public canActivate(): boolean {\n    if (!this.sessionService.isLogged) {\n      this.router.navigate(['login']);\n      return false;\n    }\n    return true;\n  }\n}"
      ]
    },
    "_coverageSchema": "1a1c01bbd47fc00a2c39e90264f33305004495a9",
    "hash": "656946068e5b50c2d39b0bafbd697a1e7b607137"
  },
  "/Users/elhadjidiarra/P5-Full-Stack-testing/front/src/app/guards/unauth.guard.ts": {
    "path": "/Users/elhadjidiarra/P5-Full-Stack-testing/front/src/app/guards/unauth.guard.ts",
    "statementMap": {
      "0": {
        "start": {
          "line": 5,
          "column": 18
        },
        "end": {
          "line": 17,
          "column": 1
        }
      },
      "1": {
        "start": {
          "line": 7,
          "column": 8
        },
        "end": {
          "line": 7,
          "column": 29
        }
      },
      "2": {
        "start": {
          "line": 8,
          "column": 8
        },
        "end": {
          "line": 8,
          "column": 45
        }
      },
      "3": {
        "start": {
          "line": 11,
          "column": 8
        },
        "end": {
          "line": 14,
          "column": 9
        }
      },
      "4": {
        "start": {
          "line": 12,
          "column": 12
        },
        "end": {
          "line": 12,
          "column": 46
        }
      },
      "5": {
        "start": {
          "line": 13,
          "column": 12
        },
        "end": {
          "line": 13,
          "column": 25
        }
      },
      "6": {
        "start": {
          "line": 15,
          "column": 8
        },
        "end": {
          "line": 15,
          "column": 20
        }
      },
      "7": {
        "start": {
          "line": 18,
          "column": 0
        },
        "end": {
          "line": 21,
          "column": 2
        }
      },
      "8": {
        "start": {
          "line": 18,
          "column": 35
        },
        "end": {
          "line": 21,
          "column": 1
        }
      },
      "9": {
        "start": {
          "line": 22,
          "column": 0
        },
        "end": {
          "line": 24,
          "column": 16
        }
      }
    },
    "fnMap": {
      "0": {
        "name": "(anonymous_0)",
        "decl": {
          "start": {
            "line": 6,
            "column": 4
          },
          "end": {
            "line": 6,
            "column": 5
          }
        },
        "loc": {
          "start": {
            "line": 6,
            "column": 40
          },
          "end": {
            "line": 9,
            "column": 5
          }
        },
        "line": 6
      },
      "1": {
        "name": "(anonymous_1)",
        "decl": {
          "start": {
            "line": 10,
            "column": 4
          },
          "end": {
            "line": 10,
            "column": 5
          }
        },
        "loc": {
          "start": {
            "line": 10,
            "column": 18
          },
          "end": {
            "line": 16,
            "column": 5
          }
        },
        "line": 10
      },
      "2": {
        "name": "(anonymous_2)",
        "decl": {
          "start": {
            "line": 18,
            "column": 29
          },
          "end": {
            "line": 18,
            "column": 30
          }
        },
        "loc": {
          "start": {
            "line": 18,
            "column": 35
          },
          "end": {
            "line": 21,
            "column": 1
          }
        },
        "line": 18
      }
    },
    "branchMap": {
      "0": {
        "loc": {
          "start": {
            "line": 11,
            "column": 8
          },
          "end": {
            "line": 14,
            "column": 9
          }
        },
        "type": "if",
        "locations": [
          {
            "start": {
              "line": 11,
              "column": 8
            },
            "end": {
              "line": 14,
              "column": 9
            }
          },
          {
            "start": {
              "line": 11,
              "column": 8
            },
            "end": {
              "line": 14,
              "column": 9
            }
          }
        ],
        "line": 11
      }
    },
    "s": {
      "0": 25,
      "1": 25,
      "2": 25,
      "3": 27,
      "4": 0,
      "5": 0,
      "6": 27,
      "7": 25,
      "8": 25,
      "9": 25
    },
    "f": {
      "0": 25,
      "1": 27,
      "2": 25
    },
    "b": {
      "0": [
        0,
        27
      ]
    },
    "inputSourceMap": {
      "version": 3,
      "file": "unauth.guard.js",
      "sourceRoot": "",
      "sources": [
        "/Users/elhadjidiarra/P5-Full-Stack-testing/front/src/app/guards/unauth.guard.ts"
      ],
      "names": [],
      "mappings": ";AAAA,OAAO,EAAC,UAAU,EAAC,MAAM,eAAe,CAAC;AACzC,OAAO,EAAc,MAAM,EAAC,MAAM,iBAAiB,CAAC;AACpD,OAAO,EAAE,cAAc,EAAE,MAAM,6BAA6B,CAAC;IAGhD,WAAW,SAAX,WAAW;IAEtB,YACU,MAAc,EACd,cAA8B;QAD9B,WAAM,GAAN,MAAM,CAAQ;QACd,mBAAc,GAAd,cAAc,CAAgB;IAExC,CAAC;IAEM,WAAW;QAChB,IAAI,IAAI,CAAC,cAAc,CAAC,QAAQ,EAAE;YAChC,IAAI,CAAC,MAAM,CAAC,QAAQ,CAAC,CAAC,SAAS,CAAC,CAAC,CAAC;YAClC,OAAO,KAAK,CAAC;SACd;QACD,OAAO,IAAI,CAAC;IACd,CAAC;CACF,CAAA;;YAnBoB,MAAM;YAClB,cAAc;;AAGV,WAAW;IADvB,UAAU,CAAC,EAAC,UAAU,EAAE,MAAM,EAAC,CAAC;GACpB,WAAW,CAevB;SAfY,WAAW",
      "sourcesContent": [
        "import {Injectable} from \"@angular/core\";\nimport {CanActivate, Router} from \"@angular/router\"; \nimport { SessionService } from \"../services/session.service\";\n\n@Injectable({providedIn: 'root'})\nexport class UnauthGuard implements CanActivate {\n\n  constructor( \n    private router: Router,\n    private sessionService: SessionService,\n  ) {\n  }\n\n  public canActivate(): boolean {\n    if (this.sessionService.isLogged) {\n      this.router.navigate(['rentals']);\n      return false;\n    }\n    return true;\n  }\n}"
      ]
    },
    "_coverageSchema": "1a1c01bbd47fc00a2c39e90264f33305004495a9",
    "hash": "8e49309807a7b7cbe39b2cffc3a55b664289906f"
  },
  "/Users/elhadjidiarra/P5-Full-Stack-testing/front/src/app/app-routing.module.ts": {
    "path": "/Users/elhadjidiarra/P5-Full-Stack-testing/front/src/app/app-routing.module.ts",
    "statementMap": {
      "0": {
        "start": {
          "line": 8,
          "column": 15
        },
        "end": {
          "line": 26,
          "column": 1
        }
      },
      "1": {
        "start": {
          "line": 12,
          "column": 28
        },
        "end": {
          "line": 12,
          "column": 89
        }
      },
      "2": {
        "start": {
          "line": 12,
          "column": 76
        },
        "end": {
          "line": 12,
          "column": 88
        }
      },
      "3": {
        "start": {
          "line": 17,
          "column": 28
        },
        "end": {
          "line": 17,
          "column": 101
        }
      },
      "4": {
        "start": {
          "line": 17,
          "column": 84
        },
        "end": {
          "line": 17,
          "column": 100
        }
      },
      "5": {
        "start": {
          "line": 27,
          "column": 23
        },
        "end": {
          "line": 28,
          "column": 1
        }
      },
      "6": {
        "start": {
          "line": 29,
          "column": 0
        },
        "end": {
          "line": 34,
          "column": 21
        }
      }
    },
    "fnMap": {
      "0": {
        "name": "(anonymous_0)",
        "decl": {
          "start": {
            "line": 12,
            "column": 22
          },
          "end": {
            "line": 12,
            "column": 23
          }
        },
        "loc": {
          "start": {
            "line": 12,
            "column": 28
          },
          "end": {
            "line": 12,
            "column": 89
          }
        },
        "line": 12
      },
      "1": {
        "name": "(anonymous_1)",
        "decl": {
          "start": {
            "line": 12,
            "column": 71
          },
          "end": {
            "line": 12,
            "column": 72
          }
        },
        "loc": {
          "start": {
            "line": 12,
            "column": 76
          },
          "end": {
            "line": 12,
            "column": 88
          }
        },
        "line": 12
      },
      "2": {
        "name": "(anonymous_2)",
        "decl": {
          "start": {
            "line": 17,
            "column": 22
          },
          "end": {
            "line": 17,
            "column": 23
          }
        },
        "loc": {
          "start": {
            "line": 17,
            "column": 28
          },
          "end": {
            "line": 17,
            "column": 101
          }
        },
        "line": 17
      },
      "3": {
        "name": "(anonymous_3)",
        "decl": {
          "start": {
            "line": 17,
            "column": 79
          },
          "end": {
            "line": 17,
            "column": 80
          }
        },
        "loc": {
          "start": {
            "line": 17,
            "column": 84
          },
          "end": {
            "line": 17,
            "column": 100
          }
        },
        "line": 17
      }
    },
    "branchMap": {},
    "s": {
      "0": 25,
      "1": 25,
      "2": 25,
      "3": 20,
      "4": 20,
      "5": 25,
      "6": 25
    },
    "f": {
      "0": 25,
      "1": 25,
      "2": 20,
      "3": 20
    },
    "b": {},
    "inputSourceMap": {
      "version": 3,
      "file": "app-routing.module.js",
      "sourceRoot": "",
      "sources": [
        "/Users/elhadjidiarra/P5-Full-Stack-testing/front/src/app/app-routing.module.ts"
      ],
      "names": [],
      "mappings": ";AAAA,OAAO,EAAE,QAAQ,EAAE,MAAM,eAAe,CAAC;AACzC,OAAO,EAAE,YAAY,EAAU,MAAM,iBAAiB,CAAC;AACvD,OAAO,EAAE,WAAW,EAAE,MAAM,8BAA8B,CAAC;AAC3D,OAAO,EAAE,iBAAiB,EAAE,MAAM,4CAA4C,CAAC;AAC/E,OAAO,EAAE,SAAS,EAAE,MAAM,qBAAqB,CAAC;AAChD,OAAO,EAAE,WAAW,EAAE,MAAM,uBAAuB,CAAC;AAEpD,MAAM,MAAM,GAAW;IACrB;QACE,IAAI,EAAE,EAAE;QACR,WAAW,EAAE,CAAC,WAAW,CAAC;QAC1B,YAAY,EAAE,GAAG,EAAE,CAAC,MAAM,CAAC,6BAA6B,CAAC,CAAC,IAAI,CAAC,CAAC,CAAC,EAAE,CAAC,CAAC,CAAC,UAAU,CAAC;KAClF;IACD;QACE,IAAI,EAAE,UAAU;QAChB,WAAW,EAAE,CAAC,SAAS,CAAC;QACxB,YAAY,EAAE,GAAG,EAAE,CAAC,MAAM,CAAC,qCAAqC,CAAC,CAAC,IAAI,CAAC,CAAC,CAAC,EAAE,CAAC,CAAC,CAAC,cAAc,CAAC;KAC9F;IACD;QACE,IAAI,EAAE,IAAI;QACV,WAAW,EAAE,CAAC,SAAS,CAAC;QACxB,SAAS,EAAE,WAAW;KACvB;IACD,EAAE,IAAI,EAAE,KAAK,EAAE,SAAS,EAAE,iBAAiB,EAAE;IAC7C,EAAE,IAAI,EAAE,IAAI,EAAE,UAAU,EAAE,KAAK,EAAE;CAClC,CAAC;IAMW,gBAAgB,SAAhB,gBAAgB;CAC5B,CAAA;AADY,gBAAgB;IAJ5B,QAAQ,CAAC;QACR,OAAO,EAAE,CAAC,YAAY,CAAC,OAAO,CAAC,MAAM,CAAC,CAAC;QACvC,OAAO,EAAE,CAAC,YAAY,CAAC;KACxB,CAAC;GACW,gBAAgB,CAC5B;SADY,gBAAgB",
      "sourcesContent": [
        "import { NgModule } from '@angular/core';\nimport { RouterModule, Routes } from '@angular/router';\nimport { MeComponent } from './components/me/me.component';\nimport { NotFoundComponent } from './components/not-found/not-found.component';\nimport { AuthGuard } from './guards/auth.guard';\nimport { UnauthGuard } from './guards/unauth.guard';\n\nconst routes: Routes = [\n  {\n    path: '',\n    canActivate: [UnauthGuard],\n    loadChildren: () => import('./features/auth/auth.module').then(m => m.AuthModule)\n  },\n  {\n    path: 'sessions',\n    canActivate: [AuthGuard],\n    loadChildren: () => import('./features/sessions/sessions.module').then(m => m.SessionsModule)\n  },\n  {\n    path: 'me',\n    canActivate: [AuthGuard],\n    component: MeComponent\n  },\n  { path: '404', component: NotFoundComponent },\n  { path: '**', redirectTo: '404' }\n];\n\n@NgModule({\n  imports: [RouterModule.forRoot(routes)],\n  exports: [RouterModule]\n})\nexport class AppRoutingModule {\n}\n"
      ]
    },
    "_coverageSchema": "1a1c01bbd47fc00a2c39e90264f33305004495a9",
    "hash": "772af4dbd50b7da6311ffee4f36f34307c62611b"
  },
  "/Users/elhadjidiarra/P5-Full-Stack-testing/front/src/app/features/auth/services/auth.service.ts": {
    "path": "/Users/elhadjidiarra/P5-Full-Stack-testing/front/src/app/features/auth/services/auth.service.ts",
    "statementMap": {
      "0": {
        "start": {
          "line": 4,
          "column": 18
        },
        "end": {
          "line": 15,
          "column": 1
        }
      },
      "1": {
        "start": {
          "line": 6,
          "column": 8
        },
        "end": {
          "line": 6,
          "column": 37
        }
      },
      "2": {
        "start": {
          "line": 7,
          "column": 8
        },
        "end": {
          "line": 7,
          "column": 38
        }
      },
      "3": {
        "start": {
          "line": 10,
          "column": 8
        },
        "end": {
          "line": 10,
          "column": 85
        }
      },
      "4": {
        "start": {
          "line": 13,
          "column": 8
        },
        "end": {
          "line": 13,
          "column": 79
        }
      },
      "5": {
        "start": {
          "line": 16,
          "column": 0
        },
        "end": {
          "line": 18,
          "column": 2
        }
      },
      "6": {
        "start": {
          "line": 16,
          "column": 35
        },
        "end": {
          "line": 18,
          "column": 1
        }
      },
      "7": {
        "start": {
          "line": 19,
          "column": 0
        },
        "end": {
          "line": 23,
          "column": 16
        }
      }
    },
    "fnMap": {
      "0": {
        "name": "(anonymous_0)",
        "decl": {
          "start": {
            "line": 5,
            "column": 4
          },
          "end": {
            "line": 5,
            "column": 5
          }
        },
        "loc": {
          "start": {
            "line": 5,
            "column": 28
          },
          "end": {
            "line": 8,
            "column": 5
          }
        },
        "line": 5
      },
      "1": {
        "name": "(anonymous_1)",
        "decl": {
          "start": {
            "line": 9,
            "column": 4
          },
          "end": {
            "line": 9,
            "column": 5
          }
        },
        "loc": {
          "start": {
            "line": 9,
            "column": 30
          },
          "end": {
            "line": 11,
            "column": 5
          }
        },
        "line": 9
      },
      "2": {
        "name": "(anonymous_2)",
        "decl": {
          "start": {
            "line": 12,
            "column": 4
          },
          "end": {
            "line": 12,
            "column": 5
          }
        },
        "loc": {
          "start": {
            "line": 12,
            "column": 24
          },
          "end": {
            "line": 14,
            "column": 5
          }
        },
        "line": 12
      },
      "3": {
        "name": "(anonymous_3)",
        "decl": {
          "start": {
            "line": 16,
            "column": 29
          },
          "end": {
            "line": 16,
            "column": 30
          }
        },
        "loc": {
          "start": {
            "line": 16,
            "column": 35
          },
          "end": {
            "line": 18,
            "column": 1
          }
        },
        "line": 16
      }
    },
    "branchMap": {},
    "s": {
      "0": 25,
      "1": 25,
      "2": 25,
      "3": 4,
      "4": 19,
      "5": 25,
      "6": 25,
      "7": 25
    },
    "f": {
      "0": 25,
      "1": 4,
      "2": 19,
      "3": 25
    },
    "b": {},
    "inputSourceMap": {
      "version": 3,
      "file": "auth.service.js",
      "sourceRoot": "",
      "sources": [
        "/Users/elhadjidiarra/P5-Full-Stack-testing/front/src/app/features/auth/services/auth.service.ts"
      ],
      "names": [],
      "mappings": ";AAAA,OAAO,EAAE,UAAU,EAAE,MAAM,sBAAsB,CAAC;AAClD,OAAO,EAAE,UAAU,EAAE,MAAM,eAAe,CAAC;IAS9B,WAAW,SAAX,WAAW;IAItB,YAAoB,UAAsB;QAAtB,eAAU,GAAV,UAAU,CAAY;QAFlC,gBAAW,GAAG,UAAU,CAAC;IAEa,CAAC;IAExC,QAAQ,CAAC,eAAgC;QAC9C,OAAO,IAAI,CAAC,UAAU,CAAC,IAAI,CAAO,GAAG,IAAI,CAAC,WAAW,WAAW,EAAE,eAAe,CAAC,CAAC;IACrF,CAAC;IAEM,KAAK,CAAC,YAA0B;QACrC,OAAO,IAAI,CAAC,UAAU,CAAC,IAAI,CAAqB,GAAG,IAAI,CAAC,WAAW,QAAQ,EAAE,YAAY,CAAC,CAAC;IAC7F,CAAC;CACF,CAAA;;YAvBQ,UAAU;;AAUN,WAAW;IAHvB,UAAU,CAAC;QACV,UAAU,EAAE,MAAM;KACnB,CAAC;GACW,WAAW,CAavB;SAbY,WAAW",
      "sourcesContent": [
        "import { HttpClient } from '@angular/common/http';\nimport { Injectable } from '@angular/core';\nimport { Observable } from 'rxjs';\nimport { LoginRequest } from '../interfaces/loginRequest.interface';\nimport { RegisterRequest } from '../interfaces/registerRequest.interface';\nimport { SessionInformation } from 'src/app/interfaces/sessionInformation.interface';\n\n@Injectable({\n  providedIn: 'root'\n})\nexport class AuthService {\n\n  private pathService = 'api/auth';\n\n  constructor(private httpClient: HttpClient) { }\n\n  public register(registerRequest: RegisterRequest): Observable<void> {\n    return this.httpClient.post<void>(`${this.pathService}/register`, registerRequest);\n  }\n\n  public login(loginRequest: LoginRequest): Observable<SessionInformation> {\n    return this.httpClient.post<SessionInformation>(`${this.pathService}/login`, loginRequest);\n  }\n}\n"
      ]
    },
    "_coverageSchema": "1a1c01bbd47fc00a2c39e90264f33305004495a9",
    "hash": "b437d7848972694f37a3c5756226a074459a4f7f"
  },
  "/Users/elhadjidiarra/P5-Full-Stack-testing/front/src/app/app.component.ts": {
    "path": "/Users/elhadjidiarra/P5-Full-Stack-testing/front/src/app/app.component.ts",
    "statementMap": {
      "0": {
        "start": {
          "line": 8,
          "column": 19
        },
        "end": {
          "line": 21,
          "column": 1
        }
      },
      "1": {
        "start": {
          "line": 10,
          "column": 8
        },
        "end": {
          "line": 10,
          "column": 39
        }
      },
      "2": {
        "start": {
          "line": 11,
          "column": 8
        },
        "end": {
          "line": 11,
          "column": 29
        }
      },
      "3": {
        "start": {
          "line": 12,
          "column": 8
        },
        "end": {
          "line": 12,
          "column": 45
        }
      },
      "4": {
        "start": {
          "line": 15,
          "column": 8
        },
        "end": {
          "line": 15,
          "column": 47
        }
      },
      "5": {
        "start": {
          "line": 18,
          "column": 8
        },
        "end": {
          "line": 18,
          "column": 37
        }
      },
      "6": {
        "start": {
          "line": 19,
          "column": 8
        },
        "end": {
          "line": 19,
          "column": 35
        }
      },
      "7": {
        "start": {
          "line": 22,
          "column": 0
        },
        "end": {
          "line": 26,
          "column": 2
        }
      },
      "8": {
        "start": {
          "line": 22,
          "column": 36
        },
        "end": {
          "line": 26,
          "column": 1
        }
      },
      "9": {
        "start": {
          "line": 27,
          "column": 0
        },
        "end": {
          "line": 33,
          "column": 17
        }
      }
    },
    "fnMap": {
      "0": {
        "name": "(anonymous_0)",
        "decl": {
          "start": {
            "line": 9,
            "column": 4
          },
          "end": {
            "line": 9,
            "column": 5
          }
        },
        "loc": {
          "start": {
            "line": 9,
            "column": 53
          },
          "end": {
            "line": 13,
            "column": 5
          }
        },
        "line": 9
      },
      "1": {
        "name": "(anonymous_1)",
        "decl": {
          "start": {
            "line": 14,
            "column": 4
          },
          "end": {
            "line": 14,
            "column": 5
          }
        },
        "loc": {
          "start": {
            "line": 14,
            "column": 16
          },
          "end": {
            "line": 16,
            "column": 5
          }
        },
        "line": 14
      },
      "2": {
        "name": "(anonymous_2)",
        "decl": {
          "start": {
            "line": 17,
            "column": 4
          },
          "end": {
            "line": 17,
            "column": 5
          }
        },
        "loc": {
          "start": {
            "line": 17,
            "column": 13
          },
          "end": {
            "line": 20,
            "column": 5
          }
        },
        "line": 17
      },
      "3": {
        "name": "(anonymous_3)",
        "decl": {
          "start": {
            "line": 22,
            "column": 30
          },
          "end": {
            "line": 22,
            "column": 31
          }
        },
        "loc": {
          "start": {
            "line": 22,
            "column": 36
          },
          "end": {
            "line": 26,
            "column": 1
          }
        },
        "line": 22
      }
    },
    "branchMap": {},
    "s": {
      "0": 25,
      "1": 25,
      "2": 25,
      "3": 25,
      "4": 3744,
      "5": 0,
      "6": 0,
      "7": 25,
      "8": 25,
      "9": 25
    },
    "f": {
      "0": 25,
      "1": 3744,
      "2": 0,
      "3": 25
    },
    "b": {},
    "inputSourceMap": {
      "version": 3,
      "file": "app.component.js",
      "sourceRoot": "",
      "sources": [
        "/Users/elhadjidiarra/P5-Full-Stack-testing/front/src/app/app.component.ts"
      ],
      "names": [],
      "mappings": ";;;AAAA,OAAO,EAAE,SAAS,EAAU,MAAM,eAAe,CAAC;AAClD,OAAO,EAAE,MAAM,EAAE,MAAM,iBAAiB,CAAC;AAEzC,OAAO,EAAE,WAAW,EAAE,MAAM,uCAAuC,CAAC;AAEpE,OAAO,EAAE,cAAc,EAAE,MAAM,4BAA4B,CAAC;IAO/C,YAAY,SAAZ,YAAY;IACvB,YACU,WAAwB,EACxB,MAAc,EACd,cAA8B;QAF9B,gBAAW,GAAX,WAAW,CAAa;QACxB,WAAM,GAAN,MAAM,CAAQ;QACd,mBAAc,GAAd,cAAc,CAAgB;IACxC,CAAC;IAEM,SAAS;QACd,OAAO,IAAI,CAAC,cAAc,CAAC,SAAS,EAAE,CAAC;IACzC,CAAC;IAEM,MAAM;QACX,IAAI,CAAC,cAAc,CAAC,MAAM,EAAE,CAAC;QAC7B,IAAI,CAAC,MAAM,CAAC,QAAQ,CAAC,CAAC,EAAE,CAAC,CAAC,CAAA;IAC5B,CAAC;CACF,CAAA;;YAxBQ,WAAW;YAFX,MAAM;YAIN,cAAc;;AAOV,YAAY;IALxB,SAAS,CAAC;QACT,QAAQ,EAAE,UAAU;QACpB,8BAAmC;;KAEpC,CAAC;GACW,YAAY,CAexB;SAfY,YAAY",
      "sourcesContent": [
        "import { Component, OnInit } from '@angular/core';\nimport { Router } from '@angular/router';\nimport { Observable } from 'rxjs';\nimport { AuthService } from './features/auth/services/auth.service';\nimport { SessionInformation } from './interfaces/sessionInformation.interface';\nimport { SessionService } from './services/session.service';\n\n@Component({\n  selector: 'app-root',\n  templateUrl: './app.component.html',\n  styleUrls: ['./app.component.scss']\n})\nexport class AppComponent {\n  constructor(\n    private authService: AuthService,\n    private router: Router,\n    private sessionService: SessionService) {\n  }\n\n  public $isLogged(): Observable<boolean> {\n    return this.sessionService.$isLogged();\n  }\n\n  public logout(): void {\n    this.sessionService.logOut();\n    this.router.navigate([''])\n  }\n}\n"
      ]
    },
    "_coverageSchema": "1a1c01bbd47fc00a2c39e90264f33305004495a9",
    "hash": "a343d3b6de7068de08469de2d2c47ce1b036f8dc"
  },
  "/Users/elhadjidiarra/P5-Full-Stack-testing/front/src/app/interceptors/jwt.interceptor.ts": {
    "path": "/Users/elhadjidiarra/P5-Full-Stack-testing/front/src/app/interceptors/jwt.interceptor.ts",
    "statementMap": {
      "0": {
        "start": {
          "line": 4,
          "column": 21
        },
        "end": {
          "line": 18,
          "column": 1
        }
      },
      "1": {
        "start": {
          "line": 6,
          "column": 8
        },
        "end": {
          "line": 6,
          "column": 45
        }
      },
      "2": {
        "start": {
          "line": 9,
          "column": 8
        },
        "end": {
          "line": 15,
          "column": 9
        }
      },
      "3": {
        "start": {
          "line": 10,
          "column": 12
        },
        "end": {
          "line": 14,
          "column": 15
        }
      },
      "4": {
        "start": {
          "line": 16,
          "column": 8
        },
        "end": {
          "line": 16,
          "column": 36
        }
      },
      "5": {
        "start": {
          "line": 19,
          "column": 0
        },
        "end": {
          "line": 21,
          "column": 2
        }
      },
      "6": {
        "start": {
          "line": 19,
          "column": 38
        },
        "end": {
          "line": 21,
          "column": 1
        }
      },
      "7": {
        "start": {
          "line": 22,
          "column": 0
        },
        "end": {
          "line": 24,
          "column": 19
        }
      }
    },
    "fnMap": {
      "0": {
        "name": "(anonymous_0)",
        "decl": {
          "start": {
            "line": 5,
            "column": 4
          },
          "end": {
            "line": 5,
            "column": 5
          }
        },
        "loc": {
          "start": {
            "line": 5,
            "column": 32
          },
          "end": {
            "line": 7,
            "column": 5
          }
        },
        "line": 5
      },
      "1": {
        "name": "(anonymous_1)",
        "decl": {
          "start": {
            "line": 8,
            "column": 4
          },
          "end": {
            "line": 8,
            "column": 5
          }
        },
        "loc": {
          "start": {
            "line": 8,
            "column": 29
          },
          "end": {
            "line": 17,
            "column": 5
          }
        },
        "line": 8
      },
      "2": {
        "name": "(anonymous_2)",
        "decl": {
          "start": {
            "line": 19,
            "column": 32
          },
          "end": {
            "line": 19,
            "column": 33
          }
        },
        "loc": {
          "start": {
            "line": 19,
            "column": 38
          },
          "end": {
            "line": 21,
            "column": 1
          }
        },
        "line": 19
      }
    },
    "branchMap": {
      "0": {
        "loc": {
          "start": {
            "line": 9,
            "column": 8
          },
          "end": {
            "line": 15,
            "column": 9
          }
        },
        "type": "if",
        "locations": [
          {
            "start": {
              "line": 9,
              "column": 8
            },
            "end": {
              "line": 15,
              "column": 9
            }
          },
          {
            "start": {
              "line": 9,
              "column": 8
            },
            "end": {
              "line": 15,
              "column": 9
            }
          }
        ],
        "line": 9
      }
    },
    "s": {
      "0": 25,
      "1": 23,
      "2": 87,
      "3": 64,
      "4": 87,
      "5": 25,
      "6": 25,
      "7": 25
    },
    "f": {
      "0": 23,
      "1": 87,
      "2": 25
    },
    "b": {
      "0": [
        64,
        23
      ]
    },
    "inputSourceMap": {
      "version": 3,
      "file": "jwt.interceptor.js",
      "sourceRoot": "",
      "sources": [
        "/Users/elhadjidiarra/P5-Full-Stack-testing/front/src/app/interceptors/jwt.interceptor.ts"
      ],
      "names": [],
      "mappings": ";AACA,OAAO,EAAE,UAAU,EAAE,MAAM,eAAe,CAAC;AAC3C,OAAO,EAAE,cAAc,EAAE,MAAM,6BAA6B,CAAC;IAGhD,cAAc,SAAd,cAAc;IACzB,YAAoB,cAA8B;QAA9B,mBAAc,GAAd,cAAc,CAAgB;IAAG,CAAC;IAE/C,SAAS,CAAC,OAAyB,EAAE,IAAiB;QAC3D,IAAI,IAAI,CAAC,cAAc,CAAC,QAAQ,EAAE;YAChC,OAAO,GAAG,OAAO,CAAC,KAAK,CAAC;gBACtB,UAAU,EAAE;oBACV,aAAa,EAAE,UAAU,IAAI,CAAC,cAAc,CAAC,kBAAmB,CAAC,KAAK,EAAE;iBACzE;aACF,CAAC,CAAC;SACJ;QACD,OAAO,IAAI,CAAC,MAAM,CAAC,OAAO,CAAC,CAAC;IAC9B,CAAC;CACF,CAAA;;YAhBQ,cAAc;;AAGV,cAAc;IAD1B,UAAU,CAAC,EAAE,UAAU,EAAE,MAAM,EAAE,CAAC;GACtB,cAAc,CAa1B;SAbY,cAAc",
      "sourcesContent": [
        "import { HttpHandler, HttpInterceptor, HttpRequest } from \"@angular/common/http\";\nimport { Injectable } from \"@angular/core\";\nimport { SessionService } from '../services/session.service';\n\n@Injectable({ providedIn: 'root' })\nexport class JwtInterceptor implements HttpInterceptor {\n  constructor(private sessionService: SessionService) {}\n\n  public intercept(request: HttpRequest<any>, next: HttpHandler) {\n    if (this.sessionService.isLogged) {\n      request = request.clone({\n        setHeaders: {\n          Authorization: `Bearer ${this.sessionService.sessionInformation!.token}`,\n        },\n      });\n    }\n    return next.handle(request);\n  }\n}\n"
      ]
    },
    "_coverageSchema": "1a1c01bbd47fc00a2c39e90264f33305004495a9",
    "hash": "45305e2c29f33fc122d8f1213d9ca018d9a76a48"
  },
  "/Users/elhadjidiarra/P5-Full-Stack-testing/front/src/app/app.module.ts": {
    "path": "/Users/elhadjidiarra/P5-Full-Stack-testing/front/src/app/app.module.ts",
    "statementMap": {
      "0": {
        "start": {
          "line": 17,
          "column": 23
        },
        "end": {
          "line": 23,
          "column": 1
        }
      },
      "1": {
        "start": {
          "line": 24,
          "column": 16
        },
        "end": {
          "line": 25,
          "column": 1
        }
      },
      "2": {
        "start": {
          "line": 26,
          "column": 0
        },
        "end": {
          "line": 46,
          "column": 14
        }
      }
    },
    "fnMap": {},
    "branchMap": {},
    "s": {
      "0": 25,
      "1": 25,
      "2": 25
    },
    "f": {},
    "b": {},
    "inputSourceMap": {
      "version": 3,
      "file": "app.module.js",
      "sourceRoot": "",
      "sources": [
        "/Users/elhadjidiarra/P5-Full-Stack-testing/front/src/app/app.module.ts"
      ],
      "names": [],
      "mappings": ";AAAA,OAAO,EAAE,QAAQ,EAAE,MAAM,eAAe,CAAC;AACzC,OAAO,EAAE,iBAAiB,EAAE,MAAM,6BAA6B,CAAC;AAChE,OAAO,EAAE,aAAa,EAAE,MAAM,2BAA2B,CAAC;AAE1D,OAAO,EAAE,gBAAgB,EAAE,MAAM,sBAAsB,CAAC;AACxD,OAAO,EAAE,YAAY,EAAE,MAAM,iBAAiB,CAAC;AAC/C,OAAO,EAAE,uBAAuB,EAAE,MAAM,sCAAsC,CAAC;AAC/E,OAAO,EAAE,iBAAiB,EAAE,MAAM,4CAA4C,CAAC;AAC/E,OAAO,EAAE,eAAe,EAAE,MAAM,0BAA0B,CAAC;AAC3D,OAAO,EAAE,aAAa,EAAE,MAAM,wBAAwB,CAAC;AACvD,OAAO,EAAE,gBAAgB,EAAE,MAAM,2BAA2B,CAAC;AAC7D,OAAO,EAAE,gBAAgB,EAAE,iBAAiB,EAAE,MAAM,sBAAsB,CAAC;AAC3E,OAAO,EAAE,cAAc,EAAE,MAAM,gCAAgC,CAAC;AAChE,OAAO,EAAE,aAAa,EAAE,MAAM,wBAAwB,CAAC;AACvD,OAAO,EAAE,gBAAgB,EAAE,MAAM,sBAAsB,CAAC;AACxD,OAAO,EAAE,WAAW,EAAE,MAAM,8BAA8B,CAAC;AAE3D,MAAM,cAAc,GAAG;IACrB,eAAe;IACf,aAAa;IACb,aAAa;IACb,iBAAiB;IACjB,gBAAgB;CACjB,CAAA;IAqBY,SAAS,SAAT,SAAS;CAAI,CAAA;AAAb,SAAS;IAnBrB,QAAQ,CAAC;QACR,YAAY,EAAE;YACZ,YAAY;YACZ,iBAAiB;YACjB,WAAW;SACZ;QACD,OAAO,EAAE;YACP,aAAa;YACb,gBAAgB;YAChB,uBAAuB;YACvB,gBAAgB;YAChB,gBAAgB;YAChB,GAAG,cAAc;SAClB;QACD,SAAS,EAAE;YACT,EAAE,OAAO,EAAE,iBAAiB,EAAE,QAAQ,EAAE,cAAc,EAAE,KAAK,EAAE,IAAI,EAAE;SACtE;QACD,SAAS,EAAE,CAAC,YAAY,CAAC;KAC1B,CAAC;GACW,SAAS,CAAI;SAAb,SAAS",
      "sourcesContent": [
        "import { NgModule } from '@angular/core';\nimport { MatSnackBarModule } from '@angular/material/snack-bar';\nimport { BrowserModule } from '@angular/platform-browser';\n\nimport { AppRoutingModule } from './app-routing.module';\nimport { AppComponent } from './app.component';\nimport { BrowserAnimationsModule } from '@angular/platform-browser/animations';\nimport { NotFoundComponent } from './components/not-found/not-found.component';\nimport { MatButtonModule } from '@angular/material/button';\nimport { MatIconModule } from '@angular/material/icon';\nimport { MatToolbarModule } from '@angular/material/toolbar';\nimport { HttpClientModule, HTTP_INTERCEPTORS } from '@angular/common/http';\nimport { JwtInterceptor } from './interceptors/jwt.interceptor';\nimport { MatCardModule } from '@angular/material/card';\nimport { FlexLayoutModule } from '@angular/flex-layout';\nimport { MeComponent } from './components/me/me.component';\n\nconst materialModule = [\n  MatButtonModule,\n  MatCardModule,\n  MatIconModule,\n  MatSnackBarModule,\n  MatToolbarModule,\n]\n\n@NgModule({\n  declarations: [\n    AppComponent,\n    NotFoundComponent,\n    MeComponent,\n  ],\n  imports: [\n    BrowserModule,\n    AppRoutingModule,\n    BrowserAnimationsModule, \n    FlexLayoutModule,\n    HttpClientModule,\n    ...materialModule\n  ],\n  providers: [\n    { provide: HTTP_INTERCEPTORS, useClass: JwtInterceptor, multi: true },\n  ],\n  bootstrap: [AppComponent]\n})\nexport class AppModule { }\n"
      ]
    },
    "_coverageSchema": "1a1c01bbd47fc00a2c39e90264f33305004495a9",
    "hash": "97522970d7fd6862921097cc8bd7275c62c44375"
  },
  "/Users/elhadjidiarra/P5-Full-Stack-testing/front/src/environments/environment.ts": {
    "path": "/Users/elhadjidiarra/P5-Full-Stack-testing/front/src/environments/environment.ts",
    "statementMap": {
      "0": {
        "start": {
          "line": 1,
          "column": 27
        },
        "end": {
          "line": 4,
          "column": 1
        }
      }
    },
    "fnMap": {},
    "branchMap": {},
    "s": {
      "0": 25
    },
    "f": {},
    "b": {},
    "inputSourceMap": {
      "version": 3,
      "file": "environment.js",
      "sourceRoot": "",
      "sources": [
        "/Users/elhadjidiarra/P5-Full-Stack-testing/front/src/environments/environment.ts"
      ],
      "names": [],
      "mappings": "AAAA,MAAM,CAAC,MAAM,WAAW,GAAG;IACzB,OAAO,EAAE,qBAAqB;IAC9B,UAAU,EAAE,KAAK;CAClB,CAAC",
      "sourcesContent": [
        "export const environment = {\n  baseUrl: 'localhost:8080/api/',\n  production: false\n};\n"
      ]
    },
    "_coverageSchema": "1a1c01bbd47fc00a2c39e90264f33305004495a9",
    "hash": "be2573fb69cca6523fc0c0cbfbe3d3c640245f7f"
  },
  "/Users/elhadjidiarra/P5-Full-Stack-testing/front/src/main.ts": {
    "path": "/Users/elhadjidiarra/P5-Full-Stack-testing/front/src/main.ts",
    "statementMap": {
      "0": {
        "start": {
          "line": 5,
          "column": 0
        },
        "end": {
          "line": 7,
          "column": 1
        }
      },
      "1": {
        "start": {
          "line": 6,
          "column": 4
        },
        "end": {
          "line": 6,
          "column": 21
        }
      },
      "2": {
        "start": {
          "line": 8,
          "column": 0
        },
        "end": {
          "line": 9,
          "column": 38
        }
      },
      "3": {
        "start": {
          "line": 9,
          "column": 18
        },
        "end": {
          "line": 9,
          "column": 36
        }
      }
    },
    "fnMap": {
      "0": {
        "name": "(anonymous_0)",
        "decl": {
          "start": {
            "line": 9,
            "column": 11
          },
          "end": {
            "line": 9,
            "column": 12
          }
        },
        "loc": {
          "start": {
            "line": 9,
            "column": 18
          },
          "end": {
            "line": 9,
            "column": 36
          }
        },
        "line": 9
      }
    },
    "branchMap": {
      "0": {
        "loc": {
          "start": {
            "line": 5,
            "column": 0
          },
          "end": {
            "line": 7,
            "column": 1
          }
        },
        "type": "if",
        "locations": [
          {
            "start": {
              "line": 5,
              "column": 0
            },
            "end": {
              "line": 7,
              "column": 1
            }
          },
          {
            "start": {
              "line": 5,
              "column": 0
            },
            "end": {
              "line": 7,
              "column": 1
            }
          }
        ],
        "line": 5
      }
    },
    "s": {
      "0": 25,
      "1": 0,
      "2": 25,
      "3": 0
    },
    "f": {
      "0": 0
    },
    "b": {
      "0": [
        0,
        25
      ]
    },
    "inputSourceMap": {
      "version": 3,
      "file": "main.js",
      "sourceRoot": "",
      "sources": [
        "/Users/elhadjidiarra/P5-Full-Stack-testing/front/src/main.ts"
      ],
      "names": [],
      "mappings": "AAAA,OAAO,EAAE,cAAc,EAAE,MAAM,eAAe,CAAC;AAC/C,OAAO,EAAE,sBAAsB,EAAE,MAAM,mCAAmC,CAAC;AAE3E,OAAO,EAAE,SAAS,EAAE,MAAM,kBAAkB,CAAC;AAC7C,OAAO,EAAE,WAAW,EAAE,MAAM,4BAA4B,CAAC;AAEzD,IAAI,WAAW,CAAC,UAAU,EAAE;IAC1B,cAAc,EAAE,CAAC;CAClB;AAED,sBAAsB,EAAE,CAAC,eAAe,CAAC,SAAS,CAAC;KAChD,KAAK,CAAC,GAAG,CAAC,EAAE,CAAC,OAAO,CAAC,KAAK,CAAC,GAAG,CAAC,CAAC,CAAC",
      "sourcesContent": [
        "import { enableProdMode } from '@angular/core';\nimport { platformBrowserDynamic } from '@angular/platform-browser-dynamic';\n\nimport { AppModule } from './app/app.module';\nimport { environment } from './environments/environment';\n\nif (environment.production) {\n  enableProdMode();\n}\n\nplatformBrowserDynamic().bootstrapModule(AppModule)\n  .catch(err => console.error(err));\n"
      ]
    },
    "_coverageSchema": "1a1c01bbd47fc00a2c39e90264f33305004495a9",
    "hash": "750a03ccbe860e6e9bc6608f47d45c5b5b9381db"
  },
  "/Users/elhadjidiarra/P5-Full-Stack-testing/front/src/app/features/auth/components/login/login.component.ts": {
    "path": "/Users/elhadjidiarra/P5-Full-Stack-testing/front/src/app/features/auth/components/login/login.component.ts",
    "statementMap": {
      "0": {
        "start": {
          "line": 9,
          "column": 21
        },
        "end": {
          "line": 44,
          "column": 1
        }
      },
      "1": {
        "start": {
          "line": 11,
          "column": 8
        },
        "end": {
          "line": 11,
          "column": 39
        }
      },
      "2": {
        "start": {
          "line": 12,
          "column": 8
        },
        "end": {
          "line": 12,
          "column": 21
        }
      },
      "3": {
        "start": {
          "line": 13,
          "column": 8
        },
        "end": {
          "line": 13,
          "column": 29
        }
      },
      "4": {
        "start": {
          "line": 14,
          "column": 8
        },
        "end": {
          "line": 14,
          "column": 45
        }
      },
      "5": {
        "start": {
          "line": 15,
          "column": 8
        },
        "end": {
          "line": 15,
          "column": 25
        }
      },
      "6": {
        "start": {
          "line": 16,
          "column": 8
        },
        "end": {
          "line": 16,
          "column": 29
        }
      },
      "7": {
        "start": {
          "line": 17,
          "column": 8
        },
        "end": {
          "line": 32,
          "column": 11
        }
      },
      "8": {
        "start": {
          "line": 35,
          "column": 29
        },
        "end": {
          "line": 35,
          "column": 44
        }
      },
      "9": {
        "start": {
          "line": 36,
          "column": 8
        },
        "end": {
          "line": 42,
          "column": 11
        }
      },
      "10": {
        "start": {
          "line": 38,
          "column": 16
        },
        "end": {
          "line": 38,
          "column": 52
        }
      },
      "11": {
        "start": {
          "line": 39,
          "column": 16
        },
        "end": {
          "line": 39,
          "column": 52
        }
      },
      "12": {
        "start": {
          "line": 41,
          "column": 28
        },
        "end": {
          "line": 41,
          "column": 47
        }
      },
      "13": {
        "start": {
          "line": 45,
          "column": 0
        },
        "end": {
          "line": 50,
          "column": 2
        }
      },
      "14": {
        "start": {
          "line": 45,
          "column": 38
        },
        "end": {
          "line": 50,
          "column": 1
        }
      },
      "15": {
        "start": {
          "line": 51,
          "column": 0
        },
        "end": {
          "line": 57,
          "column": 19
        }
      }
    },
    "fnMap": {
      "0": {
        "name": "(anonymous_0)",
        "decl": {
          "start": {
            "line": 10,
            "column": 4
          },
          "end": {
            "line": 10,
            "column": 5
          }
        },
        "loc": {
          "start": {
            "line": 10,
            "column": 57
          },
          "end": {
            "line": 33,
            "column": 5
          }
        },
        "line": 10
      },
      "1": {
        "name": "(anonymous_1)",
        "decl": {
          "start": {
            "line": 34,
            "column": 4
          },
          "end": {
            "line": 34,
            "column": 5
          }
        },
        "loc": {
          "start": {
            "line": 34,
            "column": 13
          },
          "end": {
            "line": 43,
            "column": 5
          }
        },
        "line": 34
      },
      "2": {
        "name": "(anonymous_2)",
        "decl": {
          "start": {
            "line": 37,
            "column": 18
          },
          "end": {
            "line": 37,
            "column": 19
          }
        },
        "loc": {
          "start": {
            "line": 37,
            "column": 32
          },
          "end": {
            "line": 40,
            "column": 13
          }
        },
        "line": 37
      },
      "3": {
        "name": "(anonymous_3)",
        "decl": {
          "start": {
            "line": 41,
            "column": 19
          },
          "end": {
            "line": 41,
            "column": 20
          }
        },
        "loc": {
          "start": {
            "line": 41,
            "column": 28
          },
          "end": {
            "line": 41,
            "column": 47
          }
        },
        "line": 41
      },
      "4": {
        "name": "(anonymous_4)",
        "decl": {
          "start": {
            "line": 45,
            "column": 32
          },
          "end": {
            "line": 45,
            "column": 33
          }
        },
        "loc": {
          "start": {
            "line": 45,
            "column": 38
          },
          "end": {
            "line": 50,
            "column": 1
          }
        },
        "line": 45
      }
    },
    "branchMap": {},
    "s": {
      "0": 25,
      "1": 22,
      "2": 22,
      "3": 22,
      "4": 22,
      "5": 22,
      "6": 22,
      "7": 22,
      "8": 19,
      "9": 19,
      "10": 19,
      "11": 19,
      "12": 0,
      "13": 25,
      "14": 22,
      "15": 25
    },
    "f": {
      "0": 22,
      "1": 19,
      "2": 19,
      "3": 0,
      "4": 22
    },
    "b": {},
    "inputSourceMap": {
      "version": 3,
      "file": "login.component.js",
      "sourceRoot": "",
      "sources": [
        "/Users/elhadjidiarra/P5-Full-Stack-testing/front/src/app/features/auth/components/login/login.component.ts"
      ],
      "names": [],
      "mappings": ";;;AAAA,OAAO,EAAE,SAAS,EAAE,MAAM,eAAe,CAAC;AAC1C,OAAO,EAAE,WAAW,EAAE,UAAU,EAAE,MAAM,gBAAgB,CAAC;AACzD,OAAO,EAAE,MAAM,EAAE,MAAM,iBAAiB,CAAC;AAEzC,OAAO,EAAE,cAAc,EAAE,MAAM,kCAAkC,CAAC;AAElE,OAAO,EAAE,WAAW,EAAE,MAAM,6BAA6B,CAAC;IAO7C,cAAc,SAAd,cAAc;IAqBzB,YAAoB,WAAwB,EACxB,EAAe,EACf,MAAc,EACd,cAA8B;QAH9B,gBAAW,GAAX,WAAW,CAAa;QACxB,OAAE,GAAF,EAAE,CAAa;QACf,WAAM,GAAN,MAAM,CAAQ;QACd,mBAAc,GAAd,cAAc,CAAgB;QAvB3C,SAAI,GAAG,IAAI,CAAC;QACZ,YAAO,GAAG,KAAK,CAAC;QAEhB,SAAI,GAAG,IAAI,CAAC,EAAE,CAAC,KAAK,CAAC;YAC1B,KAAK,EAAE;gBACL,EAAE;gBACF;oBACE,UAAU,CAAC,QAAQ;oBACnB,UAAU,CAAC,KAAK;iBACjB;aACF;YACD,QAAQ,EAAE;gBACR,EAAE;gBACF;oBACE,UAAU,CAAC,QAAQ;oBACnB,UAAU,CAAC,GAAG,CAAC,CAAC,CAAC;iBAClB;aACF;SACF,CAAC,CAAC;IAMH,CAAC;IAEM,MAAM;QACX,MAAM,YAAY,GAAG,IAAI,CAAC,IAAI,CAAC,KAAqB,CAAC;QACrD,IAAI,CAAC,WAAW,CAAC,KAAK,CAAC,YAAY,CAAC,CAAC,SAAS,CAAC;YAC7C,IAAI,EAAE,CAAC,QAA4B,EAAE,EAAE;gBACrC,IAAI,CAAC,cAAc,CAAC,KAAK,CAAC,QAAQ,CAAC,CAAC;gBACpC,IAAI,CAAC,MAAM,CAAC,QAAQ,CAAC,CAAC,WAAW,CAAC,CAAC,CAAC;YACtC,CAAC;YACD,KAAK,EAAE,KAAK,CAAC,EAAE,CAAC,IAAI,CAAC,OAAO,GAAG,IAAI;SACpC,CAAC,CAAC;IACL,CAAC;CACF,CAAA;;YA5CQ,WAAW;YALX,WAAW;YACX,MAAM;YAEN,cAAc;;AASV,cAAc;IAL1B,SAAS,CAAC;QACT,QAAQ,EAAE,WAAW;QACrB,8BAAqC;;KAEtC,CAAC;GACW,cAAc,CAqC1B;SArCY,cAAc",
      "sourcesContent": [
        "import { Component } from '@angular/core';\nimport { FormBuilder, Validators } from '@angular/forms';\nimport { Router } from '@angular/router';\nimport { SessionInformation } from 'src/app/interfaces/sessionInformation.interface';\nimport { SessionService } from 'src/app/services/session.service';\nimport { LoginRequest } from '../../interfaces/loginRequest.interface';\nimport { AuthService } from '../../services/auth.service';\n\n@Component({\n  selector: 'app-login',\n  templateUrl: './login.component.html',\n  styleUrls: ['./login.component.scss']\n})\nexport class LoginComponent {\n  public hide = true;\n  public onError = false;\n\n  public form = this.fb.group({\n    email: [\n      '',\n      [\n        Validators.required,\n        Validators.email\n      ]\n    ],\n    password: [\n      '',\n      [\n        Validators.required,\n        Validators.min(3)\n      ]\n    ]\n  });\n\n  constructor(private authService: AuthService,\n              private fb: FormBuilder,\n              private router: Router,\n              private sessionService: SessionService) {\n  }\n\n  public submit(): void {\n    const loginRequest = this.form.value as LoginRequest;\n    this.authService.login(loginRequest).subscribe({\n      next: (response: SessionInformation) => {\n        this.sessionService.logIn(response);\n        this.router.navigate(['/sessions']);\n      },\n      error: error => this.onError = true,\n    });\n  }\n}\n"
      ]
    },
    "_coverageSchema": "1a1c01bbd47fc00a2c39e90264f33305004495a9",
    "hash": "d60d01d68cf5eb393b5bb3508c1f2be237b14fee"
  },
  "/Users/elhadjidiarra/P5-Full-Stack-testing/front/src/app/features/auth/components/register/register.component.ts": {
    "path": "/Users/elhadjidiarra/P5-Full-Stack-testing/front/src/app/features/auth/components/register/register.component.ts",
    "statementMap": {
      "0": {
        "start": {
          "line": 8,
          "column": 24
        },
        "end": {
          "line": 55,
          "column": 1
        }
      },
      "1": {
        "start": {
          "line": 10,
          "column": 8
        },
        "end": {
          "line": 10,
          "column": 39
        }
      },
      "2": {
        "start": {
          "line": 11,
          "column": 8
        },
        "end": {
          "line": 11,
          "column": 21
        }
      },
      "3": {
        "start": {
          "line": 12,
          "column": 8
        },
        "end": {
          "line": 12,
          "column": 29
        }
      },
      "4": {
        "start": {
          "line": 13,
          "column": 8
        },
        "end": {
          "line": 13,
          "column": 29
        }
      },
      "5": {
        "start": {
          "line": 14,
          "column": 8
        },
        "end": {
          "line": 46,
          "column": 11
        }
      },
      "6": {
        "start": {
          "line": 49,
          "column": 32
        },
        "end": {
          "line": 49,
          "column": 47
        }
      },
      "7": {
        "start": {
          "line": 50,
          "column": 8
        },
        "end": {
          "line": 53,
          "column": 11
        }
      },
      "8": {
        "start": {
          "line": 51,
          "column": 25
        },
        "end": {
          "line": 51,
          "column": 57
        }
      },
      "9": {
        "start": {
          "line": 52,
          "column": 24
        },
        "end": {
          "line": 52,
          "column": 43
        }
      },
      "10": {
        "start": {
          "line": 56,
          "column": 0
        },
        "end": {
          "line": 60,
          "column": 2
        }
      },
      "11": {
        "start": {
          "line": 56,
          "column": 41
        },
        "end": {
          "line": 60,
          "column": 1
        }
      },
      "12": {
        "start": {
          "line": 61,
          "column": 0
        },
        "end": {
[...]
            "line": 44,
            "column": 68
          }
        },
        "line": 44
      },
      "5": {
        "name": "(anonymous_5)",
        "decl": {
          "start": {
            "line": 49,
            "column": 27
          },
          "end": {
            "line": 49,
            "column": 28
          }
        },
        "loc": {
          "start": {
            "line": 49,
            "column": 34
          },
          "end": {
            "line": 49,
            "column": 68
          }
        },
        "line": 49
      },
      "6": {
        "name": "(anonymous_6)",
        "decl": {
          "start": {
            "line": 52,
            "column": 4
          },
          "end": {
            "line": 52,
            "column": 5
          }
        },
        "loc": {
          "start": {
            "line": 52,
            "column": 22
          },
          "end": {
            "line": 74,
            "column": 5
          }
        },
        "line": 52
      },
      "7": {
        "name": "(anonymous_7)",
        "decl": {
          "start": {
            "line": 75,
            "column": 4
          },
          "end": {
            "line": 75,
            "column": 5
          }
        },
        "loc": {
          "start": {
            "line": 75,
            "column": 22
          },
          "end": {
            "line": 78,
            "column": 5
          }
        },
        "line": 75
      },
      "8": {
        "name": "(anonymous_8)",
        "decl": {
          "start": {
            "line": 80,
            "column": 31
          },
          "end": {
            "line": 80,
            "column": 32
          }
        },
        "loc": {
          "start": {
            "line": 80,
            "column": 37
          },
          "end": {
            "line": 88,
            "column": 1
          }
        },
        "line": 80
      }
    },
    "branchMap": {
      "0": {
        "loc": {
          "start": {
            "line": 24,
            "column": 8
          },
          "end": {
            "line": 26,
            "column": 9
          }
        },
        "type": "if",
        "locations": [
          {
            "start": {
              "line": 24,
              "column": 8
            },
            "end": {
              "line": 26,
              "column": 9
            }
          },
          {
            "start": {
              "line": 24,
              "column": 8
            },
            "end": {
              "line": 26,
              "column": 9
            }
          }
        ],
        "line": 24
      },
      "1": {
        "loc": {
          "start": {
            "line": 28,
            "column": 8
          },
          "end": {
            "line": 37,
            "column": 9
          }
        },
        "type": "if",
        "locations": [
          {
            "start": {
              "line": 28,
              "column": 8
            },
            "end": {
              "line": 37,
              "column": 9
            }
          },
          {
            "start": {
              "line": 28,
              "column": 8
            },
            "end": {
              "line": 37,
              "column": 9
            }
          }
        ],
        "line": 28
      },
      "2": {
        "loc": {
          "start": {
            "line": 41,
            "column": 8
          },
          "end": {
            "line": 50,
            "column": 9
          }
        },
        "type": "if",
        "locations": [
          {
            "start": {
              "line": 41,
              "column": 8
            },
            "end": {
              "line": 50,
              "column": 9
            }
          },
          {
            "start": {
              "line": 41,
              "column": 8
            },
            "end": {
              "line": 50,
              "column": 9
            }
          }
        ],
        "line": 41
      },
      "3": {
        "loc": {
          "start": {
            "line": 55,
            "column": 16
          },
          "end": {
            "line": 55,
            "column": 43
          }
        },
        "type": "cond-expr",
        "locations": [
          {
            "start": {
              "line": 55,
              "column": 26
            },
            "end": {
              "line": 55,
              "column": 38
            }
          },
          {
            "start": {
              "line": 55,
              "column": 41
            },
            "end": {
              "line": 55,
              "column": 43
            }
          }
        ],
        "line": 55
      },
      "4": {
        "loc": {
          "start": {
            "line": 59,
            "column": 16
          },
          "end": {
            "line": 59,
            "column": 81
          }
        },
        "type": "cond-expr",
        "locations": [
          {
            "start": {
              "line": 59,
              "column": 26
            },
            "end": {
              "line": 59,
              "column": 76
            }
          },
          {
            "start": {
              "line": 59,
              "column": 79
            },
            "end": {
              "line": 59,
              "column": 81
            }
          }
        ],
        "line": 59
      },
      "5": {
        "loc": {
          "start": {
            "line": 63,
            "column": 16
          },
          "end": {
            "line": 63,
            "column": 49
          }
        },
        "type": "cond-expr",
        "locations": [
          {
            "start": {
              "line": 63,
              "column": 26
            },
            "end": {
              "line": 63,
              "column": 44
            }
          },
          {
            "start": {
              "line": 63,
              "column": 47
            },
            "end": {
              "line": 63,
              "column": 49
            }
          }
        ],
        "line": 63
      },
      "6": {
        "loc": {
          "start": {
            "line": 67,
            "column": 16
          },
          "end": {
            "line": 67,
            "column": 50
          }
        },
        "type": "cond-expr",
        "locations": [
          {
            "start": {
              "line": 67,
              "column": 26
            },
            "end": {
              "line": 67,
              "column": 45
            }
          },
          {
            "start": {
              "line": 67,
              "column": 48
            },
            "end": {
              "line": 67,
              "column": 50
            }
          }
        ],
        "line": 67
      }
    },
    "s": {
      "0": 20,
      "1": 7,
      "2": 7,
      "3": 7,
      "4": 7,
      "5": 7,
      "6": 7,
      "7": 7,
      "8": 7,
      "9": 7,
      "10": 7,
      "11": 0,
      "12": 7,
      "13": 7,
      "14": 3,
      "15": 3,
      "16": 3,
      "17": 3,
      "18": 4,
      "19": 7,
      "20": 7,
      "21": 4,
      "22": 2,
      "23": 3,
      "24": 2,
      "25": 7,
      "26": 4,
      "27": 4,
      "28": 20,
      "29": 7,
      "30": 20
    },
    "f": {
      "0": 7,
      "1": 7,
      "2": 3,
      "3": 7,
      "4": 2,
      "5": 2,
      "6": 7,
      "7": 4,
      "8": 7
    },
    "b": {
      "0": [
        0,
        7
      ],
      "1": [
        3,
        4
      ],
      "2": [
        4,
        3
      ],
      "3": [
        3,
        4
      ],
      "4": [
        3,
        4
      ],
      "5": [
        3,
        4
      ],
      "6": [
        3,
        4
      ]
    },
    "inputSourceMap": {
      "version": 3,
      "file": "form.component.js",
      "sourceRoot": "",
      "sources": [
        "/Users/elhadjidiarra/P5-Full-Stack-testing/front/src/app/features/sessions/components/form/form.component.ts"
      ],
      "names": [],
      "mappings": ";;;AAAA,OAAO,EAAE,SAAS,EAAU,MAAM,eAAe,CAAC;AAClD,OAAO,EAAE,WAAW,EAAa,UAAU,EAAE,MAAM,gBAAgB,CAAC;AACpE,OAAO,EAAE,WAAW,EAAE,MAAM,6BAA6B,CAAC;AAC1D,OAAO,EAAE,cAAc,EAAE,MAAM,EAAE,MAAM,iBAAiB,CAAC;AACzD,OAAO,EAAE,cAAc,EAAE,MAAM,sCAAsC,CAAC;AACtE,OAAO,EAAE,cAAc,EAAE,MAAM,sCAAsC,CAAC;AAEtE,OAAO,EAAE,iBAAiB,EAAE,MAAM,oCAAoC,CAAC;IAO1D,aAAa,SAAb,aAAa;IAOxB,YACU,KAAqB,EACrB,EAAe,EACf,WAAwB,EACxB,iBAAoC,EACpC,cAA8B,EAC9B,cAA8B,EAC9B,MAAc;QANd,UAAK,GAAL,KAAK,CAAgB;QACrB,OAAE,GAAF,EAAE,CAAa;QACf,gBAAW,GAAX,WAAW,CAAa;QACxB,sBAAiB,GAAjB,iBAAiB,CAAmB;QACpC,mBAAc,GAAd,cAAc,CAAgB;QAC9B,mBAAc,GAAd,cAAc,CAAgB;QAC9B,WAAM,GAAN,MAAM,CAAQ;QAZjB,aAAQ,GAAY,KAAK,CAAC;QAE1B,cAAS,GAAG,IAAI,CAAC,cAAc,CAAC,GAAG,EAAE,CAAC;IAY7C,CAAC;IAEM,QAAQ;QACb,IAAI,CAAC,IAAI,CAAC,cAAc,CAAC,kBAAmB,CAAC,KAAK,EAAE;YAClD,IAAI,CAAC,MAAM,CAAC,QAAQ,CAAC,CAAC,WAAW,CAAC,CAAC,CAAC;SACrC;QACD,MAAM,GAAG,GAAG,IAAI,CAAC,MAAM,CAAC,GAAG,CAAC;QAC5B,IAAI,GAAG,CAAC,QAAQ,CAAC,QAAQ,CAAC,EAAE;YAC1B,IAAI,CAAC,QAAQ,GAAG,IAAI,CAAC;YACrB,IAAI,CAAC,EAAE,GAAG,IAAI,CAAC,KAAK,CAAC,QAAQ,CAAC,QAAQ,CAAC,GAAG,CAAC,IAAI,CAAE,CAAC;YAClD,IAAI,CAAC,iBAAiB;iBACnB,MAAM,CAAC,IAAI,CAAC,EAAE,CAAC;iBACf,SAAS,CAAC,CAAC,OAAgB,EAAE,EAAE,CAAC,IAAI,CAAC,QAAQ,CAAC,OAAO,CAAC,CAAC,CAAC;SAC5D;aAAM;YACL,IAAI,CAAC,QAAQ,EAAE,CAAC;SACjB;IACH,CAAC;IAEM,MAAM;QACX,MAAM,OAAO,GAAG,IAAI,CAAC,WAAW,EAAE,KAAgB,CAAC;QAEnD,IAAI,CAAC,IAAI,CAAC,QAAQ,EAAE;YAClB,IAAI,CAAC,iBAAiB;iBACnB,MAAM,CAAC,OAAO,CAAC;iBACf,SAAS,CAAC,CAAC,CAAU,EAAE,EAAE,CAAC,IAAI,CAAC,QAAQ,CAAC,mBAAmB,CAAC,CAAC,CAAC;SAClE;aAAM;YACL,IAAI,CAAC,iBAAiB;iBACnB,MAAM,CAAC,IAAI,CAAC,EAAG,EAAE,OAAO,CAAC;iBACzB,SAAS,CAAC,CAAC,CAAU,EAAE,EAAE,CAAC,IAAI,CAAC,QAAQ,CAAC,mBAAmB,CAAC,CAAC,CAAC;SAClE;IACH,CAAC;IAEO,QAAQ,CAAC,OAAiB;QAChC,IAAI,CAAC,WAAW,GAAG,IAAI,CAAC,EAAE,CAAC,KAAK,CAAC;YAC/B,IAAI,EAAE;gBACJ,OAAO,CAAC,CAAC,CAAC,OAAO,CAAC,IAAI,CAAC,CAAC,CAAC,EAAE;gBAC3B,CAAC,UAAU,CAAC,QAAQ,CAAC;aACtB;YACD,IAAI,EAAE;gBACJ,OAAO,CAAC,CAAC,CAAC,IAAI,IAAI,CAAC,OAAO,CAAC,IAAI,CAAC,CAAC,WAAW,EAAE,CAAC,KAAK,CAAC,GAAG,CAAC,CAAC,CAAC,CAAC,CAAC,CAAC,CAAC,EAAE;gBACjE,CAAC,UAAU,CAAC,QAAQ,CAAC;aACtB;YACD,UAAU,EAAE;gBACV,OAAO,CAAC,CAAC,CAAC,OAAO,CAAC,UAAU,CAAC,CAAC,CAAC,EAAE;gBACjC,CAAC,UAAU,CAAC,QAAQ,CAAC;aACtB;YACD,WAAW,EAAE;gBACX,OAAO,CAAC,CAAC,CAAC,OAAO,CAAC,WAAW,CAAC,CAAC,CAAC,EAAE;gBAClC;oBACE,UAAU,CAAC,QAAQ;oBACnB,UAAU,CAAC,GAAG,CAAC,IAAI,CAAC;iBACrB;aACF;SACF,CAAC,CAAC;IACL,CAAC;IAEO,QAAQ,CAAC,OAAe;QAC9B,IAAI,CAAC,WAAW,CAAC,IAAI,CAAC,OAAO,EAAE,OAAO,EAAE,EAAE,QAAQ,EAAE,IAAI,EAAE,CAAC,CAAC;QAC5D,IAAI,CAAC,MAAM,CAAC,QAAQ,CAAC,CAAC,UAAU,CAAC,CAAC,CAAC;IACrC,CAAC;CACF,CAAA;;YAvFQ,cAAc;YAFd,WAAW;YACX,WAAW;YAKX,iBAAiB;YAHjB,cAAc;YACd,cAAc;YAFE,MAAM;;AAWlB,aAAa;IALzB,SAAS,CAAC;QACT,QAAQ,EAAE,UAAU;QACpB,8BAAoC;;KAErC,CAAC;GACW,aAAa,CA4EzB;SA5EY,aAAa",
      "sourcesContent": [
        "import { Component, OnInit } from '@angular/core';\nimport { FormBuilder, FormGroup, Validators } from '@angular/forms';\nimport { MatSnackBar } from '@angular/material/snack-bar';\nimport { ActivatedRoute, Router } from '@angular/router';\nimport { SessionService } from '../../../../services/session.service';\nimport { TeacherService } from '../../../../services/teacher.service';\nimport { Session } from '../../interfaces/session.interface';\nimport { SessionApiService } from '../../services/session-api.service';\n\n@Component({\n  selector: 'app-form',\n  templateUrl: './form.component.html',\n  styleUrls: ['./form.component.scss']\n})\nexport class FormComponent implements OnInit {\n\n  public onUpdate: boolean = false;\n  public sessionForm: FormGroup | undefined;\n  public teachers$ = this.teacherService.all();\n  private id: string | undefined;\n\n  constructor(\n    private route: ActivatedRoute,\n    private fb: FormBuilder,\n    private matSnackBar: MatSnackBar,\n    private sessionApiService: SessionApiService,\n    private sessionService: SessionService,\n    private teacherService: TeacherService,\n    private router: Router\n  ) {\n  }\n\n  public ngOnInit(): void {\n    if (!this.sessionService.sessionInformation!.admin) {\n      this.router.navigate(['/sessions']);\n    }\n    const url = this.router.url;\n    if (url.includes('update')) {\n      this.onUpdate = true;\n      this.id = this.route.snapshot.paramMap.get('id')!;\n      this.sessionApiService\n        .detail(this.id)\n        .subscribe((session: Session) => this.initForm(session));\n    } else {\n      this.initForm();\n    }\n  }\n\n  public submit(): void {\n    const session = this.sessionForm?.value as Session;\n\n    if (!this.onUpdate) {\n      this.sessionApiService\n        .create(session)\n        .subscribe((_: Session) => this.exitPage('Session created !'));\n    } else {\n      this.sessionApiService\n        .update(this.id!, session)\n        .subscribe((_: Session) => this.exitPage('Session updated !'));\n    }\n  }\n\n  private initForm(session?: Session): void {\n    this.sessionForm = this.fb.group({\n      name: [\n        session ? session.name : '',\n        [Validators.required]\n      ],\n      date: [\n        session ? new Date(session.date).toISOString().split('T')[0] : '',\n        [Validators.required]\n      ],\n      teacher_id: [\n        session ? session.teacher_id : '',\n        [Validators.required]\n      ],\n      description: [\n        session ? session.description : '',\n        [\n          Validators.required,\n          Validators.max(2000)\n        ]\n      ],\n    });\n  }\n\n  private exitPage(message: string): void {\n    this.matSnackBar.open(message, 'Close', { duration: 3000 });\n    this.router.navigate(['sessions']);\n  }\n}\n"
      ]
    },
    "_coverageSchema": "1a1c01bbd47fc00a2c39e90264f33305004495a9",
    "hash": "a78eca2feaf8556b2cf21a2716441dbccf450326"
  },
  "/Users/elhadjidiarra/P5-Full-Stack-testing/front/src/app/features/sessions/sessions-routing.module.ts": {
    "path": "/Users/elhadjidiarra/P5-Full-Stack-testing/front/src/app/features/sessions/sessions-routing.module.ts",
    "statementMap": {
      "0": {
        "start": {
          "line": 7,
          "column": 15
        },
        "end": {
          "line": 12,
          "column": 1
        }
      },
      "1": {
        "start": {
          "line": 13,
          "column": 28
        },
        "end": {
          "line": 14,
          "column": 1
        }
      },
      "2": {
        "start": {
          "line": 15,
          "column": 0
        },
        "end": {
          "line": 20,
          "column": 26
        }
      }
    },
    "fnMap": {},
    "branchMap": {},
    "s": {
      "0": 20,
      "1": 20,
      "2": 20
    },
    "f": {},
    "b": {},
    "inputSourceMap": {
      "version": 3,
      "file": "sessions-routing.module.js",
      "sourceRoot": "",
      "sources": [
        "/Users/elhadjidiarra/P5-Full-Stack-testing/front/src/app/features/sessions/sessions-routing.module.ts"
      ],
      "names": [],
      "mappings": ";AAAA,OAAO,EAAE,QAAQ,EAAE,MAAM,eAAe,CAAC;AACzC,OAAO,EAAE,YAAY,EAAU,MAAM,iBAAiB,CAAC;AACvD,OAAO,EAAE,eAAe,EAAE,MAAM,sCAAsC,CAAC;AACvE,OAAO,EAAE,aAAa,EAAE,MAAM,kCAAkC,CAAC;AACjE,OAAO,EAAE,aAAa,EAAE,MAAM,kCAAkC,CAAC;AAEjE,MAAM,MAAM,GAAW;IACrB,EAAE,IAAI,EAAE,EAAE,EAAE,KAAK,EAAE,UAAU,EAAE,SAAS,EAAE,aAAa,EAAE;IACzD,EAAE,IAAI,EAAE,YAAY,EAAE,KAAK,EAAE,mBAAmB,EAAE,SAAS,EAAE,eAAe,EAAE;IAC9E,EAAE,IAAI,EAAE,QAAQ,EAAE,KAAK,EAAE,mBAAmB,EAAE,SAAS,EAAE,aAAa,EAAE;IACxE,EAAE,IAAI,EAAE,YAAY,EAAE,KAAK,EAAE,mBAAmB,EAAE,SAAS,EAAE,aAAa,EAAE;CAC7E,CAAC;IAMW,qBAAqB,SAArB,qBAAqB;CACjC,CAAA;AADY,qBAAqB;IAJjC,QAAQ,CAAC;QACR,OAAO,EAAE,CAAC,YAAY,CAAC,QAAQ,CAAC,MAAM,CAAC,CAAC;QACxC,OAAO,EAAE,CAAC,YAAY,CAAC;KACxB,CAAC;GACW,qBAAqB,CACjC;SADY,qBAAqB",
      "sourcesContent": [
        "import { NgModule } from '@angular/core';\nimport { RouterModule, Routes } from '@angular/router';\nimport { DetailComponent } from './components/detail/detail.component';\nimport { FormComponent } from './components/form/form.component';\nimport { ListComponent } from './components/list/list.component';\n\nconst routes: Routes = [\n  { path: '', title: 'Sessions', component: ListComponent },\n  { path: 'detail/:id', title: 'Sessions - detail', component: DetailComponent },\n  { path: 'create', title: 'Sessions - create', component: FormComponent },\n  { path: 'update/:id', title: 'Sessions - update', component: FormComponent }\n];\n\n@NgModule({\n  imports: [RouterModule.forChild(routes)],\n  exports: [RouterModule]\n})\nexport class SessionsRoutingModule {\n}\n"
      ]
    },
    "_coverageSchema": "1a1c01bbd47fc00a2c39e90264f33305004495a9",
    "hash": "93a2fdb964f9883eafdcba1ce712e80420d00344"
  },
  "/Users/elhadjidiarra/P5-Full-Stack-testing/front/src/app/features/sessions/sessions.module.ts": {
    "path": "/Users/elhadjidiarra/P5-Full-Stack-testing/front/src/app/features/sessions/sessions.module.ts",
    "statementMap": {
      "0": {
        "start": {
          "line": 17,
          "column": 21
        },
        "end": {
          "line": 18,
          "column": 1
        }
      },
      "1": {
        "start": {
          "line": 19,
          "column": 0
        },
        "end": {
          "line": 37,
          "column": 19
        }
      }
    },
    "fnMap": {},
    "branchMap": {},
    "s": {
      "0": 20,
      "1": 20
    },
    "f": {},
    "b": {},
    "inputSourceMap": {
      "version": 3,
      "file": "sessions.module.js",
      "sourceRoot": "",
      "sources": [
        "/Users/elhadjidiarra/P5-Full-Stack-testing/front/src/app/features/sessions/sessions.module.ts"
      ],
      "names": [],
      "mappings": ";AAAA,OAAO,EAAE,QAAQ,EAAE,MAAM,eAAe,CAAC;AACzC,OAAO,EAAE,YAAY,EAAE,MAAM,iBAAiB,CAAC;AAC/C,OAAO,EAAE,aAAa,EAAE,MAAM,wBAAwB,CAAC;AACvD,OAAO,EAAE,eAAe,EAAE,MAAM,0BAA0B,CAAC;AAC3D,OAAO,EAAE,aAAa,EAAE,MAAM,wBAAwB,CAAC;AACvD,OAAO,EAAE,aAAa,EAAE,MAAM,kCAAkC,CAAC;AACjE,OAAO,EAAE,YAAY,EAAE,MAAM,iBAAiB,CAAC;AAC/C,OAAO,EAAE,qBAAqB,EAAE,MAAM,2BAA2B,CAAC;AAClE,OAAO,EAAE,eAAe,EAAE,MAAM,sCAAsC,CAAC;AACvE,OAAO,EAAE,aAAa,EAAE,MAAM,kCAAkC,CAAC;AACjE,OAAO,EAAE,gBAAgB,EAAE,MAAM,sBAAsB,CAAC;AACxD,OAAO,EAAE,eAAe,EAAE,MAAM,0BAA0B,CAAC;AAC3D,OAAO,EAAE,kBAAkB,EAAE,MAAM,8BAA8B,CAAC;AAClE,OAAO,EAAE,cAAc,EAAE,MAAM,yBAAyB,CAAC;AACzD,OAAO,EAAE,mBAAmB,EAAE,MAAM,gBAAgB,CAAC;IAmBxC,cAAc,SAAd,cAAc;CAAI,CAAA;AAAlB,cAAc;IAjB1B,QAAQ,CAAC;QACR,YAAY,EAAE,CAAC,aAAa,EAAC,eAAe,EAAC,aAAa,EAAE;QAC5D,OAAO,EAAE;YACP,YAAY;YACZ,aAAa;YACb,eAAe;YACf,aAAa;YACb,YAAY;YACZ,qBAAqB;YACrB,gBAAgB;YAChB,eAAe;YACf,kBAAkB;YAClB,cAAc;YACd,YAAY;YACZ,mBAAmB;SACpB;KACF,CAAC;GACW,cAAc,CAAI;SAAlB,cAAc",
      "sourcesContent": [
        "import { NgModule } from '@angular/core';\nimport { CommonModule } from '@angular/common';\nimport { MatCardModule } from '@angular/material/card';\nimport { MatButtonModule } from '@angular/material/button';\nimport { MatIconModule } from '@angular/material/icon';\nimport { ListComponent } from './components/list/list.component';\nimport { RouterModule } from '@angular/router';\nimport { SessionsRoutingModule } from './sessions-routing.module';\nimport { DetailComponent } from './components/detail/detail.component';\nimport { FormComponent } from './components/form/form.component';\nimport { FlexLayoutModule } from '@angular/flex-layout';\nimport { MatSelectModule } from '@angular/material/select';\nimport { MatFormFieldModule } from '@angular/material/form-field';\nimport { MatInputModule } from '@angular/material/input';\nimport { ReactiveFormsModule } from '@angular/forms';\n\n@NgModule({\n  declarations: [ListComponent,DetailComponent,FormComponent,],\n  imports: [\n    CommonModule,\n    MatCardModule,\n    MatButtonModule,\n    MatIconModule,\n    RouterModule,\n    SessionsRoutingModule,\n    FlexLayoutModule,\n    MatSelectModule,\n    MatFormFieldModule,\n    MatInputModule,\n    RouterModule,\n    ReactiveFormsModule\n  ]\n})\nexport class SessionsModule { }\n"
      ]
    },
    "_coverageSchema": "1a1c01bbd47fc00a2c39e90264f33305004495a9",
    "hash": "d5eb9f11c55179eb56bb982d3776421296c206c6"
  }
}