{"/Users/elhadjidiarra/P5-Full-Stack-testing/front/src/main.ts": {"path":"/Users/elhadjidiarra/P5-Full-Stack-testing/front/src/main.ts","statementMap":{"0":{"start":{"line":7,"column":0},"end":{"line":9,"column":null}},"1":{"start":{"line":8,"column":2},"end":{"line":8,"column":19}},"2":{"start":{"line":11,"column":0},"end":{"line":12,"column":36}},"3":{"start":{"line":12,"column":16},"end":{"line":12,"column":34}}},"fnMap":{"0":{"name":"(anonymous_0)","decl":{"start":{"line":12,"column":9},"end":{"line":12,"column":12}},"loc":{"start":{"line":12,"column":16},"end":{"line":12,"column":34}}}},"branchMap":{"0":{"loc":{"start":{"line":7,"column":0},"end":{"line":9,"column":null}},"type":"if","locations":[{"start":{"line":7,"column":0},"end":{"line":9,"column":null}},{"start":{"line":7,"column":0},"end":{"line":9,"column":null}}]}},"s":{"0":25,"1":0,"2":25,"3":0},"f":{"0":0},"b":{"0":[0,25]}}
,"/Users/elhadjidiarra/P5-Full-Stack-testing/front/src/app/app-routing.module.ts": {"path":"/Users/elhadjidiarra/P5-Full-Stack-testing/front/src/app/app-routing.module.ts","statementMap":{"0":{"start":{"line":8,"column":23},"end":{"line":26,"column":2}},"1":{"start":{"line":12,"column":24},"end":{"line":12,"column":85}},"2":{"start":{"line":12,"column":72},"end":{"line":12,"column":84}},"3":{"start":{"line":17,"column":24},"end":{"line":17,"column":97}},"4":{"start":{"line":17,"column":80},"end":{"line":17,"column":96}},"5":{"start":{"line":32,"column":29},"end":{"line":33,"column":null}},"6":{"start":{"line":32,"column":13},"end":{"line":33,"column":null}}},"fnMap":{"0":{"name":"(anonymous_0)","decl":{"start":{"line":12,"column":18},"end":{"line":12,"column":21}},"loc":{"start":{"line":12,"column":24},"end":{"line":12,"column":85}}},"1":{"name":"(anonymous_1)","decl":{"start":{"line":12,"column":67},"end":{"line":12,"column":68}},"loc":{"start":{"line":12,"column":72},"end":{"line":12,"column":84}}},"2":{"name":"(anonymous_2)","decl":{"start":{"line":17,"column":18},"end":{"line":17,"column":21}},"loc":{"start":{"line":17,"column":24},"end":{"line":17,"column":97}}},"3":{"name":"(anonymous_3)","decl":{"start":{"line":17,"column":75},"end":{"line":17,"column":76}},"loc":{"start":{"line":17,"column":80},"end":{"line":17,"column":96}}}},"branchMap":{},"s":{"0":25,"1":25,"2":25,"3":20,"4":20,"5":25,"6":25},"f":{"0":25,"1":25,"2":20,"3":20},"b":{}}
,"/Users/elhadjidiarra/P5-Full-Stack-testing/front/src/app/app.component.ts": {"path":"/Users/elhadjidiarra/P5-Full-Stack-testing/front/src/app/app.component.ts","statementMap":{"0":{"start":{"line":13,"column":25},"end":{"line":28,"column":null}},"1":{"start":{"line":15,"column":12},"end":{"line":15,"column":36}},"2":{"start":{"line":16,"column":12},"end":{"line":16,"column":26}},"3":{"start":{"line":17,"column":12},"end":{"line":17,"column":42}},"4":{"start":{"line":21,"column":4},"end":{"line":21,"column":43}},"5":{"start":{"line":25,"column":4},"end":{"line":25,"column":33}},"6":{"start":{"line":26,"column":4},"end":{"line":26,"column":null}},"7":{"start":{"line":13,"column":13},"end":{"line":28,"column":null}}},"fnMap":{"0":{"name":"(anonymous_0)","decl":{"start":{"line":14,"column":2},"end":{"line":14,"column":null}},"loc":{"start":{"line":17,"column":42},"end":{"line":18,"column":3}}},"1":{"name":"(anonymous_1)","decl":{"start":{"line":20,"column":9},"end":{"line":20,"column":18}},"loc":{"start":{"line":20,"column":18},"end":{"line":22,"column":3}}},"2":{"name":"(anonymous_2)","decl":{"start":{"line":24,"column":9},"end":{"line":24,"column":15}},"loc":{"start":{"line":24,"column":15},"end":{"line":27,"column":3}}}},"branchMap":{},"s":{"0":25,"1":25,"2":25,"3":25,"4":3744,"5":0,"6":0,"7":25},"f":{"0":25,"1":3744,"2":0},"b":{}}
,"/Users/elhadjidiarra/P5-Full-Stack-testing/front/src/app/app.module.ts": {"path":"/Users/elhadjidiarra/P5-Full-Stack-testing/front/src/app/app.module.ts","statementMap":{"0":{"start":{"line":18,"column":23},"end":{"line":24,"column":null}},"1":{"start":{"line":45,"column":22},"end":{"line":45,"column":null}},"2":{"start":{"line":45,"column":13},"end":{"line":45,"column":null}}},"fnMap":{},"branchMap":{},"s":{"0":25,"1":25,"2":25},"f":{},"b":{}}
,"/Users/elhadjidiarra/P5-Full-Stack-testing/front/src/app/components/me/me.component.ts": {"path":"/Users/elhadjidiarra/P5-Full-Stack-testing/front/src/app/components/me/me.component.ts","statementMap":{"0":{"start":{"line":13,"column":24},"end":{"line":43,"column":null}},"1":{"start":{"line":17,"column":22},"end":{"line":17,"column":36}},"2":{"start":{"line":18,"column":22},"end":{"line":18,"column":52}},"3":{"start":{"line":19,"column":22},"end":{"line":19,"column":46}},"4":{"start":{"line":20,"column":22},"end":{"line":20,"column":46}},"5":{"start":{"line":24,"column":4},"end":{"line":26,"column":51}},"6":{"start":{"line":26,"column":33},"end":{"line":26,"column":49}},"7":{"start":{"line":30,"column":4},"end":{"line":30,"column":26}},"8":{"start":{"line":34,"column":4},"end":{"line":40,"column":null}},"9":{"start":{"line":37,"column":8},"end":{"line":37,"column":94}},"10":{"start":{"line":38,"column":8},"end":{"line":38,"column":37}},"11":{"start":{"line":39,"column":8},"end":{"line":39,"column":36}},"12":{"start":{"line":13,"column":13},"end":{"line":43,"column":null}}},"fnMap":{"0":{"name":"(anonymous_0)","decl":{"start":{"line":17,"column":2},"end":{"line":17,"column":22}},"loc":{"start":{"line":20,"column":46},"end":{"line":21,"column":3}}},"1":{"name":"(anonymous_1)","decl":{"start":{"line":23,"column":9},"end":{"line":23,"column":17}},"loc":{"start":{"line":23,"column":17},"end":{"line":27,"column":3}}},"2":{"name":"(anonymous_2)","decl":{"start":{"line":26,"column":17},"end":{"line":26,"column":18}},"loc":{"start":{"line":26,"column":33},"end":{"line":26,"column":49}}},"3":{"name":"(anonymous_3)","decl":{"start":{"line":29,"column":9},"end":{"line":29,"column":13}},"loc":{"start":{"line":29,"column":13},"end":{"line":31,"column":3}}},"4":{"name":"(anonymous_4)","decl":{"start":{"line":33,"column":9},"end":{"line":33,"column":15}},"loc":{"start":{"line":33,"column":15},"end":{"line":41,"column":3}}},"5":{"name":"(anonymous_5)","decl":{"start":{"line":36,"column":17},"end":{"line":36,"column":18}},"loc":{"start":{"line":36,"column":23},"end":{"line":40,"column":7}}}},"branchMap":{},"s":{"0":25,"1":5,"2":5,"3":5,"4":5,"5":5,"6":5,"7":1,"8":2,"9":2,"10":2,"11":2,"12":25},"f":{"0":5,"1":5,"2":5,"3":1,"4":2,"5":2},"b":{}}
,"/Users/elhadjidiarra/P5-Full-Stack-testing/front/src/app/components/not-found/not-found.component.ts": {"path":"/Users/elhadjidiarra/P5-Full-Stack-testing/front/src/app/components/not-found/not-found.component.ts","statementMap":{"0":{"start":{"line":8,"column":30},"end":{"line":9,"column":null}},"1":{"start":{"line":8,"column":13},"end":{"line":9,"column":null}}},"fnMap":{},"branchMap":{},"s":{"0":25,"1":25},"f":{},"b":{}}
,"/Users/elhadjidiarra/P5-Full-Stack-testing/front/src/app/features/auth/auth-routing.module.ts": {"path":"/Users/elhadjidiarra/P5-Full-Stack-testing/front/src/app/features/auth/auth-routing.module.ts","statementMap":{"0":{"start":{"line":7,"column":23},"end":{"line":10,"column":2}},"1":{"start":{"line":16,"column":30},"end":{"line":16,"column":null}},"2":{"start":{"line":16,"column":13},"end":{"line":16,"column":null}}},"fnMap":{},"branchMap":{},"s":{"0":25,"1":25,"2":25},"f":{},"b":{}}
,"/Users/elhadjidiarra/P5-Full-Stack-testing/front/src/app/features/auth/auth.module.ts": {"path":"/Users/elhadjidiarra/P5-Full-Stack-testing/front/src/app/features/auth/auth.module.ts","statementMap":{"0":{"start":{"line":14,"column":24},"end":{"line":20,"column":null}},"1":{"start":{"line":36,"column":23},"end":{"line":36,"column":null}},"2":{"start":{"line":36,"column":13},"end":{"line":36,"column":null}}},"fnMap":{},"branchMap":{},"s":{"0":25,"1":25,"2":25},"f":{},"b":{}}
,"/Users/elhadjidiarra/P5-Full-Stack-testing/front/src/app/features/auth/components/login/login.component.ts": {"path":"/Users/elhadjidiarra/P5-Full-Stack-testing/front/src/app/features/auth/components/login/login.component.ts","statementMap":{"0":{"start":{"line":14,"column":27},"end":{"line":51,"column":null}},"1":{"start":{"line":35,"column":22},"end":{"line":35,"column":46}},"2":{"start":{"line":36,"column":22},"end":{"line":36,"column":37}},"3":{"start":{"line":37,"column":22},"end":{"line":37,"column":36}},"4":{"start":{"line":38,"column":22},"end":{"line":38,"column":52}},"5":{"start":{"line":15,"column":9},"end":{"line":15,"column":21}},"6":{"start":{"line":16,"column":9},"end":{"line":16,"column":25}},"7":{"start":{"line":18,"column":9},"end":{"line":33,"column":5}},"8":{"start":{"line":42,"column":25},"end":{"line":42,"column":56}},"9":{"start":{"line":43,"column":4},"end":{"line":49,"column":7}},"10":{"start":{"line":45,"column":8},"end":{"line":45,"column":44}},"11":{"start":{"line":46,"column":8},"end":{"line":46,"column":44}},"12":{"start":{"line":48,"column":22},"end":{"line":48,"column":41}},"13":{"start":{"line":14,"column":13},"end":{"line":51,"column":null}}},"fnMap":{"0":{"name":"(anonymous_0)","decl":{"start":{"line":35,"column":2},"end":{"line":35,"column":22}},"loc":{"start":{"line":38,"column":52},"end":{"line":39,"column":3}}},"1":{"name":"(anonymous_1)","decl":{"start":{"line":41,"column":9},"end":{"line":41,"column":15}},"loc":{"start":{"line":41,"column":15},"end":{"line":50,"column":3}}},"2":{"name":"(anonymous_2)","decl":{"start":{"line":44,"column":12},"end":{"line":44,"column":13}},"loc":{"start":{"line":44,"column":45},"end":{"line":47,"column":7}}},"3":{"name":"(anonymous_3)","decl":{"start":{"line":48,"column":13},"end":{"line":48,"column":18}},"loc":{"start":{"line":48,"column":22},"end":{"line":48,"column":41}}}},"branchMap":{},"s":{"0":25,"1":22,"2":22,"3":22,"4":22,"5":22,"6":22,"7":22,"8":19,"9":19,"10":19,"11":19,"12":0,"13":25},"f":{"0":22,"1":19,"2":19,"3":0},"b":{}}
,"/Users/elhadjidiarra/P5-Full-Stack-testing/front/src/app/features/auth/components/register/register.component.ts": {"path":"/Users/elhadjidiarra/P5-Full-Stack-testing/front/src/app/features/auth/components/register/register.component.ts","statementMap":{"0":{"start":{"line":12,"column":30},"end":{"line":64,"column":null}},"1":{"start":{"line":50,"column":22},"end":{"line":50,"column":46}},"2":{"start":{"line":51,"column":22},"end":{"line":51,"column":37}},"3":{"start":{"line":52,"column":22},"end":{"line":52,"column":36}},"4":{"start":{"line":14,"column":9},"end":{"line":14,"column":25}},"5":{"start":{"line":16,"column":9},"end":{"line":48,"column":5}},"6":{"start":{"line":56,"column":28},"end":{"line":56,"column":62}},"7":{"start":{"line":57,"column":4},"end":{"line":61,"column":6}},"8":{"start":{"line":58,"column":27},"end":{"line":58,"column":59}},"9":{"start":{"line":59,"column":20},"end":{"line":59,"column":39}},"10":{"start":{"line":12,"column":13},"end":{"line":64,"column":null}}},"fnMap":{"0":{"name":"(anonymous_0)","decl":{"start":{"line":50,"column":2},"end":{"line":50,"column":22}},"loc":{"start":{"line":52,"column":36},"end":{"line":53,"column":3}}},"1":{"name":"(anonymous_1)","decl":{"start":{"line":55,"column":9},"end":{"line":55,"column":15}},"loc":{"start":{"line":55,"column":15},"end":{"line":62,"column":3}}},"2":{"name":"(anonymous_2)","decl":{"start":{"line":58,"column":14},"end":{"line":58,"column":15}},"loc":{"start":{"line":58,"column":27},"end":{"line":58,"column":59}}},"3":{"name":"(anonymous_3)","decl":{"start":{"line":59,"column":15},"end":{"line":59,"column":16}},"loc":{"start":{"line":59,"column":20},"end":{"line":59,"column":39}}}},"branchMap":{},"s":{"0":25,"1":5,"2":5,"3":5,"4":5,"5":5,"6":4,"7":4,"8":2,"9":2,"10":25},"f":{"0":5,"1":4,"2":2,"3":2},"b":{}}
,"/Users/elhadjidiarra/P5-Full-Stack-testing/front/src/app/features/auth/services/auth.service.ts": {"path":"/Users/elhadjidiarra/P5-Full-Stack-testing/front/src/app/features/auth/services/auth.service.ts","statementMap":{"0":{"start":{"line":11,"column":24},"end":{"line":24,"column":null}},"1":{"start":{"line":15,"column":22},"end":{"line":15,"column":44}},"2":{"start":{"line":13,"column":10},"end":{"line":13,"column":35}},"3":{"start":{"line":18,"column":4},"end":{"line":18,"column":87}},"4":{"start":{"line":22,"column":4},"end":{"line":22,"column":95}},"5":{"start":{"line":11,"column":13},"end":{"line":24,"column":null}}},"fnMap":{"0":{"name":"(anonymous_0)","decl":{"start":{"line":15,"column":2},"end":{"line":15,"column":22}},"loc":{"start":{"line":15,"column":44},"end":{"line":15,"column":49}}},"1":{"name":"(anonymous_1)","decl":{"start":{"line":17,"column":9},"end":{"line":17,"column":17}},"loc":{"start":{"line":17,"column":50},"end":{"line":19,"column":3}}},"2":{"name":"(anonymous_2)","decl":{"start":{"line":21,"column":9},"end":{"line":21,"column":14}},"loc":{"start":{"line":21,"column":41},"end":{"line":23,"column":3}}}},"branchMap":{},"s":{"0":25,"1":25,"2":25,"3":4,"4":19,"5":25},"f":{"0":25,"1":4,"2":19},"b":{}}
,"/Users/elhadjidiarra/P5-Full-Stack-testing/front/src/app/features/sessions/sessions-routing.module.ts": {"path":"/Users/elhadjidiarra/P5-Full-Stack-testing/front/src/app/features/sessions/sessions-routing.module.ts","statementMap":{"0":{"start":{"line":7,"column":23},"end":{"line":12,"column":2}},"1":{"start":{"line":18,"column":34},"end":{"line":19,"column":null}},"2":{"start":{"line":18,"column":13},"end":{"line":19,"column":null}}},"fnMap":{},"branchMap":{},"s":{"0":20,"1":20,"2":20},"f":{},"b":{}}
,"/Users/elhadjidiarra/P5-Full-Stack-testing/front/src/app/features/sessions/sessions.module.ts": {"path":"/Users/elhadjidiarra/P5-Full-Stack-testing/front/src/app/features/sessions/sessions.module.ts","statementMap":{"0":{"start":{"line":34,"column":27},"end":{"line":34,"column":null}},"1":{"start":{"line":34,"column":13},"end":{"line":34,"column":null}}},"fnMap":{},"branchMap":{},"s":{"0":20,"1":20},"f":{},"b":{}}
,"/Users/elhadjidiarra/P5-Full-Stack-testing/front/src/app/features/sessions/components/detail/detail.component.ts": {"path":"/Users/elhadjidiarra/P5-Full-Stack-testing/front/src/app/features/sessions/components/detail/detail.component.ts","statementMap":{"0":{"start":{"line":18,"column":28},"end":{"line":79,"column":null}},"1":{"start":{"line":29,"column":12},"end":{"line":29,"column":33}},"2":{"start":{"line":30,"column":12},"end":{"line":30,"column":27}},"3":{"start":{"line":31,"column":12},"end":{"line":31,"column":42}},"4":{"start":{"line":32,"column":12},"end":{"line":32,"column":48}},"5":{"start":{"line":33,"column":12},"end":{"line":33,"column":42}},"6":{"start":{"line":34,"column":12},"end":{"line":34,"column":36}},"7":{"start":{"line":35,"column":12},"end":{"line":35,"column":26}},"8":{"start":{"line":22,"column":9},"end":{"line":22,"column":31}},"9":{"start":{"line":23,"column":9},"end":{"line":23,"column":25}},"10":{"start":{"line":36,"column":4},"end":{"line":36,"column":61}},"11":{"start":{"line":37,"column":4},"end":{"line":37,"column":65}},"12":{"start":{"line":38,"column":4},"end":{"line":38,"column":72}},"13":{"start":{"line":42,"column":4},"end":{"line":42,"column":24}},"14":{"start":{"line":46,"column":4},"end":{"line":46,"column":26}},"15":{"start":{"line":50,"column":4},"end":{"line":56,"column":8}},"16":{"start":{"line":53,"column":10},"end":{"line":53,"column":82}},"17":{"start":{"line":54,"column":10},"end":{"line":54,"column":45}},"18":{"start":{"line":60,"column":4},"end":{"line":60,"column":104}},"19":{"start":{"line":60,"column":83},"end":{"line":60,"column":102}},"20":{"start":{"line":64,"column":4},"end":{"line":64,"column":106}},"21":{"start":{"line":64,"column":85},"end":{"line":64,"column":104}},"22":{"start":{"line":68,"column":4},"end":{"line":76,"column":9}},"23":{"start":{"line":71,"column":8},"end":{"line":71,"column":31}},"24":{"start":{"line":72,"column":8},"end":{"line":72,"column":103}},"25":{"start":{"line":72,"column":53},"end":{"line":72,"column":101}},"26":{"start":{"line":73,"column":8},"end":{"line":75,"column":67}},"27":{"start":{"line":75,"column":43},"end":{"line":75,"column":65}},"28":{"start":{"line":18,"column":13},"end":{"line":79,"column":null}}},"fnMap":{"0":{"name":"(anonymous_0)","decl":{"start":{"line":28,"column":2},"end":{"line":28,"column":null}},"loc":{"start":{"line":35,"column":26},"end":{"line":39,"column":3}}},"1":{"name":"(anonymous_1)","decl":{"start":{"line":41,"column":9},"end":{"line":41,"column":17}},"loc":{"start":{"line":41,"column":17},"end":{"line":43,"column":3}}},"2":{"name":"(anonymous_2)","decl":{"start":{"line":45,"column":9},"end":{"line":45,"column":13}},"loc":{"start":{"line":45,"column":13},"end":{"line":47,"column":3}}},"3":{"name":"(anonymous_3)","decl":{"start":{"line":49,"column":9},"end":{"line":49,"column":15}},"loc":{"start":{"line":49,"column":15},"end":{"line":57,"column":3}}},"4":{"name":"(anonymous_4)","decl":{"start":{"line":52,"column":17},"end":{"line":52,"column":18}},"loc":{"start":{"line":52,"column":28},"end":{"line":55,"column":9}}},"5":{"name":"(anonymous_5)","decl":{"start":{"line":59,"column":9},"end":{"line":59,"column":20}},"loc":{"start":{"line":59,"column":20},"end":{"line":61,"column":3}}},"6":{"name":"(anonymous_6)","decl":{"start":{"line":60,"column":78},"end":{"line":60,"column":79}},"loc":{"start":{"line":60,"column":83},"end":{"line":60,"column":102}}},"7":{"name":"(anonymous_7)","decl":{"start":{"line":63,"column":9},"end":{"line":63,"column":22}},"loc":{"start":{"line":63,"column":22},"end":{"line":65,"column":3}}},"8":{"name":"(anonymous_8)","decl":{"start":{"line":64,"column":80},"end":{"line":64,"column":81}},"loc":{"start":{"line":64,"column":85},"end":{"line":64,"column":104}}},"9":{"name":"(anonymous_9)","decl":{"start":{"line":67,"column":10},"end":{"line":67,"column":22}},"loc":{"start":{"line":67,"column":22},"end":{"line":77,"column":3}}},"10":{"name":"(anonymous_10)","decl":{"start":{"line":70,"column":17},"end":{"line":70,"column":18}},"loc":{"start":{"line":70,"column":38},"end":{"line":76,"column":7}}},"11":{"name":"(anonymous_11)","decl":{"start":{"line":72,"column":48},"end":{"line":72,"column":49}},"loc":{"start":{"line":72,"column":53},"end":{"line":72,"column":101}}},"12":{"name":"(anonymous_12)","decl":{"start":{"line":75,"column":21},"end":{"line":75,"column":22}},"loc":{"start":{"line":75,"column":43},"end":{"line":75,"column":65}}}},"branchMap":{},"s":{"0":20,"1":5,"2":5,"3":5,"4":5,"5":5,"6":5,"7":5,"8":5,"9":5,"10":5,"11":5,"12":5,"13":5,"14":0,"15":1,"16":1,"17":1,"18":2,"19":2,"20":0,"21":0,"22":7,"23":5,"24":5,"25":9,"26":5,"27":5,"28":20},"f":{"0":5,"1":5,"2":0,"3":1,"4":1,"5":2,"6":2,"7":0,"8":0,"9":7,"10":5,"11":9,"12":5},"b":{}}
,"/Users/elhadjidiarra/P5-Full-Stack-testing/front/src/app/features/sessions/components/form/form.component.ts": {"path":"/Users/elhadjidiarra/P5-Full-Stack-testing/front/src/app/features/sessions/components/form/form.component.ts","statementMap":{"0":{"start":{"line":15,"column":26},"end":{"line":91,"column":null}},"1":{"start":{"line":23,"column":12},"end":{"line":23,"column":33}},"2":{"start":{"line":24,"column":12},"end":{"line":24,"column":27}},"3":{"start":{"line":25,"column":12},"end":{"line":25,"column":36}},"4":{"start":{"line":26,"column":12},"end":{"line":26,"column":48}},"5":{"start":{"line":27,"column":12},"end":{"line":27,"column":42}},"6":{"start":{"line":28,"column":12},"end":{"line":28,"column":42}},"7":{"start":{"line":29,"column":12},"end":{"line":29,"column":26}},"8":{"start":{"line":17,"column":9},"end":{"line":17,"column":35}},"9":{"start":{"line":19,"column":9},"end":{"line":19,"column":47}},"10":{"start":{"line":34,"column":4},"end":{"line":36,"column":null}},"11":{"start":{"line":35,"column":6},"end":{"line":35,"column":42}},"12":{"start":{"line":37,"column":16},"end":{"line":37,"column":31}},"13":{"start":{"line":38,"column":4},"end":{"line":46,"column":null}},"14":{"start":{"line":39,"column":6},"end":{"line":39,"column":27}},"15":{"start":{"line":40,"column":6},"end":{"line":40,"column":56}},"16":{"start":{"line":41,"column":6},"end":{"line":43,"column":65}},"17":{"start":{"line":43,"column":41},"end":{"line":43,"column":63}},"18":{"start":{"line":45,"column":6},"end":{"line":45,"column":22}},"19":{"start":{"line":50,"column":20},"end":{"line":50,"column":54}},"20":{"start":{"line":52,"column":4},"end":{"line":60,"column":null}},"21":{"start":{"line":53,"column":6},"end":{"line":55,"column":71}},"22":{"start":{"line":55,"column":35},"end":{"line":55,"column":69}},"23":{"start":{"line":57,"column":6},"end":{"line":59,"column":71}},"24":{"start":{"line":59,"column":35},"end":{"line":59,"column":69}},"25":{"start":{"line":64,"column":4},"end":{"line":84,"column":7}},"26":{"start":{"line":88,"column":4},"end":{"line":88,"column":64}},"27":{"start":{"line":89,"column":4},"end":{"line":89,"column":39}},"28":{"start":{"line":15,"column":13},"end":{"line":91,"column":null}}},"fnMap":{"0":{"name":"(anonymous_0)","decl":{"start":{"line":22,"column":2},"end":{"line":22,"column":null}},"loc":{"start":{"line":29,"column":26},"end":{"line":31,"column":3}}},"1":{"name":"(anonymous_1)","decl":{"start":{"line":33,"column":9},"end":{"line":33,"column":17}},"loc":{"start":{"line":33,"column":17},"end":{"line":47,"column":3}}},"2":{"name":"(anonymous_2)","decl":{"start":{"line":43,"column":19},"end":{"line":43,"column":20}},"loc":{"start":{"line":43,"column":41},"end":{"line":43,"column":63}}},"3":{"name":"(anonymous_3)","decl":{"start":{"line":49,"column":9},"end":{"line":49,"column":15}},"loc":{"start":{"line":49,"column":15},"end":{"line":61,"column":3}}},"4":{"name":"(anonymous_4)","decl":{"start":{"line":55,"column":19},"end":{"line":55,"column":20}},"loc":{"start":{"line":55,"column":35},"end":{"line":55,"column":69}}},"5":{"name":"(anonymous_5)","decl":{"start":{"line":59,"column":19},"end":{"line":59,"column":20}},"loc":{"start":{"line":59,"column":35},"end":{"line":59,"column":69}}},"6":{"name":"(anonymous_6)","decl":{"start":{"line":63,"column":10},"end":{"line":63,"column":18}},"loc":{"start":{"line":63,"column":36},"end":{"line":85,"column":3}}},"7":{"name":"(anonymous_7)","decl":{"start":{"line":87,"column":10},"end":{"line":87,"column":18}},"loc":{"start":{"line":87,"column":34},"end":{"line":90,"column":3}}}},"branchMap":{"0":{"loc":{"start":{"line":34,"column":4},"end":{"line":36,"column":null}},"type":"if","locations":[{"start":{"line":34,"column":4},"end":{"line":36,"column":null}},{"start":{"line":34,"column":4},"end":{"line":36,"column":null}}]},"1":{"loc":{"start":{"line":38,"column":4},"end":{"line":46,"column":null}},"type":"if","locations":[{"start":{"line":38,"column":4},"end":{"line":46,"column":null}},{"start":{"line":38,"column":4},"end":{"line":46,"column":null}}]},"2":{"loc":{"start":{"line":52,"column":4},"end":{"line":60,"column":null}},"type":"if","locations":[{"start":{"line":52,"column":4},"end":{"line":60,"column":null}},{"start":{"line":52,"column":4},"end":{"line":60,"column":null}}]},"3":{"loc":{"start":{"line":66,"column":8},"end":{"line":66,"column":35}},"type":"cond-expr","locations":[{"start":{"line":66,"column":18},"end":{"line":66,"column":30}},{"start":{"line":66,"column":33},"end":{"line":66,"column":35}}]},"4":{"loc":{"start":{"line":70,"column":8},"end":{"line":70,"column":73}},"type":"cond-expr","locations":[{"start":{"line":70,"column":18},"end":{"line":70,"column":68}},{"start":{"line":70,"column":71},"end":{"line":70,"column":73}}]},"5":{"loc":{"start":{"line":74,"column":8},"end":{"line":74,"column":41}},"type":"cond-expr","locations":[{"start":{"line":74,"column":18},"end":{"line":74,"column":36}},{"start":{"line":74,"column":39},"end":{"line":74,"column":41}}]},"6":{"loc":{"start":{"line":78,"column":8},"end":{"line":78,"column":42}},"type":"cond-expr","locations":[{"start":{"line":78,"column":18},"end":{"line":78,"column":37}},{"start":{"line":78,"column":40},"end":{"line":78,"column":42}}]}},"s":{"0":20,"1":7,"2":7,"3":7,"4":7,"5":7,"6":7,"7":7,"8":7,"9":7,"10":7,"11":0,"12":7,"13":7,"14":3,"15":3,"16":3,"17":3,"18":4,"19":7,"20":7,"21":4,"22":2,"23":3,"24":2,"25":7,"26":4,"27":4,"28":20},"f":{"0":7,"1":7,"2":3,"3":7,"4":2,"5":2,"6":7,"7":4},"b":{"0":[0,7],"1":[3,4],"2":[4,3],"3":[3,4],"4":[3,4],"5":[3,4],"6":[3,4]}}
,"/Users/elhadjidiarra/P5-Full-Stack-testing/front/src/app/features/sessions/components/list/list.component.ts": {"path":"/Users/elhadjidiarra/P5-Full-Stack-testing/front/src/app/features/sessions/components/list/list.component.ts","statementMap":{"0":{"start":{"line":13,"column":26},"end":{"line":25,"column":null}},"1":{"start":{"line":18,"column":12},"end":{"line":18,"column":42}},"2":{"start":{"line":19,"column":12},"end":{"line":19,"column":48}},"3":{"start":{"line":15,"column":9},"end":{"line":15,"column":73}},"4":{"start":{"line":23,"column":4},"end":{"line":23,"column":50}},"5":{"start":{"line":13,"column":13},"end":{"line":25,"column":null}}},"fnMap":{"0":{"name":"(anonymous_0)","decl":{"start":{"line":17,"column":2},"end":{"line":17,"column":null}},"loc":{"start":{"line":19,"column":48},"end":{"line":20,"column":7}}},"1":{"name":"(anonymous_1)","decl":{"start":{"line":22,"column":2},"end":{"line":22,"column":6}},"loc":{"start":{"line":22,"column":10},"end":{"line":24,"column":3}}}},"branchMap":{},"s":{"0":20,"1":25,"2":25,"3":25,"4":484,"5":20},"f":{"0":25,"1":484},"b":{}}
,"/Users/elhadjidiarra/P5-Full-Stack-testing/front/src/app/features/sessions/services/session-api.service.ts": {"path":"/Users/elhadjidiarra/P5-Full-Stack-testing/front/src/app/features/sessions/services/session-api.service.ts","statementMap":{"0":{"start":{"line":9,"column":30},"end":{"line":44,"column":null}},"1":{"start":{"line":13,"column":22},"end":{"line":13,"column":44}},"2":{"start":{"line":11,"column":10},"end":{"line":11,"column":38}},"3":{"start":{"line":17,"column":4},"end":{"line":17,"column":60}},"4":{"start":{"line":21,"column":4},"end":{"line":21,"column":69}},"5":{"start":{"line":25,"column":4},"end":{"line":25,"column":63}},"6":{"start":{"line":29,"column":4},"end":{"line":29,"column":68}},"7":{"start":{"line":33,"column":4},"end":{"line":33,"column":78}},"8":{"start":{"line":37,"column":4},"end":{"line":37,"column":95}},"9":{"start":{"line":41,"column":4},"end":{"line":41,"column":91}},"10":{"start":{"line":9,"column":13},"end":{"line":44,"column":null}}},"fnMap":{"0":{"name":"(anonymous_0)","decl":{"start":{"line":13,"column":2},"end":{"line":13,"column":22}},"loc":{"start":{"line":13,"column":44},"end":{"line":14,"column":3}}},"1":{"name":"(anonymous_1)","decl":{"start":{"line":16,"column":9},"end":{"line":16,"column":12}},"loc":{"start":{"line":16,"column":12},"end":{"line":18,"column":3}}},"2":{"name":"(anonymous_2)","decl":{"start":{"line":20,"column":9},"end":{"line":20,"column":15}},"loc":{"start":{"line":20,"column":26},"end":{"line":22,"column":3}}},"3":{"name":"(anonymous_3)","decl":{"start":{"line":24,"column":9},"end":{"line":24,"column":15}},"loc":{"start":{"line":24,"column":26},"end":{"line":26,"column":3}}},"4":{"name":"(anonymous_4)","decl":{"start":{"line":28,"column":9},"end":{"line":28,"column":15}},"loc":{"start":{"line":28,"column":32},"end":{"line":30,"column":3}}},"5":{"name":"(anonymous_5)","decl":{"start":{"line":32,"column":9},"end":{"line":32,"column":15}},"loc":{"start":{"line":32,"column":44},"end":{"line":34,"column":3}}},"6":{"name":"(anonymous_6)","decl":{"start":{"line":36,"column":9},"end":{"line":36,"column":20}},"loc":{"start":{"line":36,"column":47},"end":{"line":38,"column":3}}},"7":{"name":"(anonymous_7)","decl":{"start":{"line":40,"column":9},"end":{"line":40,"column":22}},"loc":{"start":{"line":40,"column":49},"end":{"line":42,"column":3}}}},"branchMap":{},"s":{"0":20,"1":19,"2":19,"3":25,"4":10,"5":1,"6":4,"7":3,"8":2,"9":0,"10":20},"f":{"0":19,"1":25,"2":10,"3":1,"4":4,"5":3,"6":2,"7":0},"b":{}}
,"/Users/elhadjidiarra/P5-Full-Stack-testing/front/src/app/guards/auth.guard.ts": {"path":"/Users/elhadjidiarra/P5-Full-Stack-testing/front/src/app/guards/auth.guard.ts","statementMap":{"0":{"start":{"line":6,"column":22},"end":{"line":21,"column":null}},"1":{"start":{"line":9,"column":12},"end":{"line":9,"column":26}},"2":{"start":{"line":10,"column":12},"end":{"line":10,"column":42}},"3":{"start":{"line":15,"column":4},"end":{"line":18,"column":null}},"4":{"start":{"line":16,"column":6},"end":{"line":16,"column":38}},"5":{"start":{"line":17,"column":6},"end":{"line":17,"column":19}},"6":{"start":{"line":19,"column":4},"end":{"line":19,"column":16}},"7":{"start":{"line":6,"column":13},"end":{"line":21,"column":null}}},"fnMap":{"0":{"name":"(anonymous_0)","decl":{"start":{"line":8,"column":2},"end":{"line":8,"column":null}},"loc":{"start":{"line":10,"column":42},"end":{"line":12,"column":3}}},"1":{"name":"(anonymous_1)","decl":{"start":{"line":14,"column":9},"end":{"line":14,"column":20}},"loc":{"start":{"line":14,"column":20},"end":{"line":20,"column":3}}}},"branchMap":{"0":{"loc":{"start":{"line":15,"column":4},"end":{"line":18,"column":null}},"type":"if","locations":[{"start":{"line":15,"column":4},"end":{"line":18,"column":null}},{"start":{"line":15,"column":4},"end":{"line":18,"column":null}}]}},"s":{"0":25,"1":20,"2":20,"3":26,"4":1,"5":1,"6":25,"7":25},"f":{"0":20,"1":26},"b":{"0":[1,25]}}
,"/Users/elhadjidiarra/P5-Full-Stack-testing/front/src/app/guards/unauth.guard.ts": {"path":"/Users/elhadjidiarra/P5-Full-Stack-testing/front/src/app/guards/unauth.guard.ts","statementMap":{"0":{"start":{"line":6,"column":24},"end":{"line":21,"column":null}},"1":{"start":{"line":9,"column":12},"end":{"line":9,"column":26}},"2":{"start":{"line":10,"column":12},"end":{"line":10,"column":42}},"3":{"start":{"line":15,"column":4},"end":{"line":18,"column":null}},"4":{"start":{"line":16,"column":6},"end":{"line":16,"column":40}},"5":{"start":{"line":17,"column":6},"end":{"line":17,"column":19}},"6":{"start":{"line":19,"column":4},"end":{"line":19,"column":16}},"7":{"start":{"line":6,"column":13},"end":{"line":21,"column":null}}},"fnMap":{"0":{"name":"(anonymous_0)","decl":{"start":{"line":8,"column":2},"end":{"line":8,"column":null}},"loc":{"start":{"line":10,"column":42},"end":{"line":12,"column":3}}},"1":{"name":"(anonymous_1)","decl":{"start":{"line":14,"column":9},"end":{"line":14,"column":20}},"loc":{"start":{"line":14,"column":20},"end":{"line":20,"column":3}}}},"branchMap":{"0":{"loc":{"start":{"line":15,"column":4},"end":{"line":18,"column":null}},"type":"if","locations":[{"start":{"line":15,"column":4},"end":{"line":18,"column":null}},{"start":{"line":15,"column":4},"end":{"line":18,"column":null}}]}},"s":{"0":25,"1":25,"2":25,"3":27,"4":0,"5":0,"6":27,"7":25},"f":{"0":25,"1":27},"b":{"0":[0,27]}}
,"/Users/elhadjidiarra/P5-Full-Stack-testing/front/src/app/interceptors/jwt.interceptor.ts": {"path":"/Users/elhadjidiarra/P5-Full-Stack-testing/front/src/app/interceptors/jwt.interceptor.ts","statementMap":{"0":{"start":{"line":6,"column":27},"end":{"line":19,"column":null}},"1":{"start":{"line":7,"column":22},"end":{"line":7,"column":52}},"2":{"start":{"line":10,"column":4},"end":{"line":16,"column":null}},"3":{"start":{"line":11,"column":6},"end":{"line":15,"column":9}},"4":{"start":{"line":17,"column":4},"end":{"line":17,"column":32}},"5":{"start":{"line":6,"column":13},"end":{"line":19,"column":null}}},"fnMap":{"0":{"name":"(anonymous_0)","decl":{"start":{"line":7,"column":2},"end":{"line":7,"column":22}},"loc":{"start":{"line":7,"column":52},"end":{"line":7,"column":56}}},"1":{"name":"(anonymous_1)","decl":{"start":{"line":9,"column":9},"end":{"line":9,"column":18}},"loc":{"start":{"line":9,"column":63},"end":{"line":18,"column":3}}}},"branchMap":{"0":{"loc":{"start":{"line":10,"column":4},"end":{"line":16,"column":null}},"type":"if","locations":[{"start":{"line":10,"column":4},"end":{"line":16,"column":null}},{"start":{"line":10,"column":4},"end":{"line":16,"column":null}}]}},"s":{"0":25,"1":23,"2":87,"3":64,"4":87,"5":25},"f":{"0":23,"1":87},"b":{"0":[64,23]}}
,"/Users/elhadjidiarra/P5-Full-Stack-testing/front/src/app/services/session.service.ts": {"path":"/Users/elhadjidiarra/P5-Full-Stack-testing/front/src/app/services/session.service.ts","statementMap":{"0":{"start":{"line":8,"column":27},"end":{"line":34,"column":null}},"1":{"start":{"line":10,"column":9},"end":{"line":10,"column":26}},"2":{"start":{"line":13,"column":10},"end":{"line":13,"column":72}},"3":{"start":{"line":16,"column":4},"end":{"line":16,"column":47}},"4":{"start":{"line":20,"column":4},"end":{"line":20,"column":35}},"5":{"start":{"line":21,"column":4},"end":{"line":21,"column":25}},"6":{"start":{"line":22,"column":4},"end":{"line":22,"column":16}},"7":{"start":{"line":26,"column":4},"end":{"line":26,"column":40}},"8":{"start":{"line":27,"column":4},"end":{"line":27,"column":26}},"9":{"start":{"line":28,"column":4},"end":{"line":28,"column":16}},"10":{"start":{"line":32,"column":4},"end":{"line":32,"column":45}},"11":{"start":{"line":8,"column":13},"end":{"line":34,"column":null}}},"fnMap":{"0":{"name":"(anonymous_1)","decl":{"start":{"line":15,"column":9},"end":{"line":15,"column":18}},"loc":{"start":{"line":15,"column":18},"end":{"line":17,"column":3}}},"1":{"name":"(anonymous_2)","decl":{"start":{"line":19,"column":9},"end":{"line":19,"column":14}},"loc":{"start":{"line":19,"column":39},"end":{"line":23,"column":3}}},"2":{"name":"(anonymous_3)","decl":{"start":{"line":25,"column":9},"end":{"line":25,"column":15}},"loc":{"start":{"line":25,"column":15},"end":{"line":29,"column":3}}},"3":{"name":"(anonymous_4)","decl":{"start":{"line":31,"column":10},"end":{"line":31,"column":14}},"loc":{"start":{"line":31,"column":14},"end":{"line":33,"column":3}}}},"branchMap":{},"s":{"0":25,"1":25,"2":25,"3":3744,"4":19,"5":19,"6":19,"7":2,"8":2,"9":2,"10":21,"11":25},"f":{"0":3744,"1":19,"2":2,"3":21},"b":{}}
,"/Users/elhadjidiarra/P5-Full-Stack-testing/front/src/app/services/teacher.service.ts": {"path":"/Users/elhadjidiarra/P5-Full-Stack-testing/front/src/app/services/teacher.service.ts","statementMap":{"0":{"start":{"line":9,"column":27},"end":{"line":22,"column":null}},"1":{"start":{"line":13,"column":22},"end":{"line":13,"column":44}},"2":{"start":{"line":11,"column":10},"end":{"line":11,"column":38}},"3":{"start":{"line":16,"column":4},"end":{"line":16,"column":60}},"4":{"start":{"line":20,"column":4},"end":{"line":20,"column":69}},"5":{"start":{"line":9,"column":13},"end":{"line":22,"column":null}}},"fnMap":{"0":{"name":"(anonymous_0)","decl":{"start":{"line":13,"column":2},"end":{"line":13,"column":22}},"loc":{"start":{"line":13,"column":44},"end":{"line":13,"column":49}}},"1":{"name":"(anonymous_1)","decl":{"start":{"line":15,"column":9},"end":{"line":15,"column":12}},"loc":{"start":{"line":15,"column":12},"end":{"line":17,"column":3}}},"2":{"name":"(anonymous_2)","decl":{"start":{"line":19,"column":9},"end":{"line":19,"column":15}},"loc":{"start":{"line":19,"column":26},"end":{"line":21,"column":3}}}},"branchMap":{},"s":{"0":20,"1":12,"2":12,"3":7,"4":5,"5":20},"f":{"0":12,"1":7,"2":5},"b":{}}
,"/Users/elhadjidiarra/P5-Full-Stack-testing/front/src/app/services/user.service.ts": {"path":"/Users/elhadjidiarra/P5-Full-Stack-testing/front/src/app/services/user.service.ts","statementMap":{"0":{"start":{"line":9,"column":24},"end":{"line":22,"column":null}},"1":{"start":{"line":13,"column":22},"end":{"line":13,"column":44}},"2":{"start":{"line":11,"column":10},"end":{"line":11,"column":35}},"3":{"start":{"line":16,"column":4},"end":{"line":16,"column":66}},"4":{"start":{"line":20,"column":4},"end":{"line":20,"column":63}},"5":{"start":{"line":9,"column":13},"end":{"line":22,"column":null}}},"fnMap":{"0":{"name":"(anonymous_0)","decl":{"start":{"line":13,"column":2},"end":{"line":13,"column":22}},"loc":{"start":{"line":13,"column":44},"end":{"line":13,"column":49}}},"1":{"name":"(anonymous_1)","decl":{"start":{"line":15,"column":9},"end":{"line":15,"column":16}},"loc":{"start":{"line":15,"column":27},"end":{"line":17,"column":3}}},"2":{"name":"(anonymous_2)","decl":{"start":{"line":19,"column":9},"end":{"line":19,"column":15}},"loc":{"start":{"line":19,"column":26},"end":{"line":21,"column":3}}}},"branchMap":{},"s":{"0":25,"1":5,"2":5,"3":5,"4":2,"5":25},"f":{"0":5,"1":5,"2":2},"b":{}}
,"/Users/elhadjidiarra/P5-Full-Stack-testing/front/src/environments/environment.ts": {"path":"/Users/elhadjidiarra/P5-Full-Stack-testing/front/src/environments/environment.ts","statementMap":{"0":{"start":{"line":1,"column":27},"end":{"line":4,"column":2}}},"fnMap":{},"branchMap":{},"s":{"0":25},"f":{},"b":{}}
}
